[  +95 ms] Artifact Instance of 'MaterialFonts' is not required, skipping update.
[        ] Artifact Instance of 'GradleWrapper' is not required, skipping update.
[        ] Artifact Instance of 'AndroidGenSnapshotArtifacts' is not required, skipping update.
[        ] Artifact Instance of 'AndroidInternalBuildArtifacts' is not required, skipping update.
[        ] Artifact Instance of 'IOSEngineArtifacts' is not required, skipping update.
[        ] Artifact Instance of 'FlutterWebSdk' is not required, skipping update.
[        ] Artifact Instance of 'LegacyCanvasKitRemover' is not required, skipping update.
[        ] Artifact Instance of 'FlutterSdk' is not required, skipping update.
[        ] Artifact Instance of 'WindowsEngineArtifacts' is not required, skipping update.
[        ] Artifact Instance of 'MacOSEngineArtifacts' is not required, skipping update.
[        ] Artifact Instance of 'LinuxEngineArtifacts' is not required, skipping update.
[        ] Artifact Instance of 'LinuxFuchsiaSDKArtifacts' is not required, skipping update.
[        ] Artifact Instance of 'MacOSFuchsiaSDKArtifacts' is not required, skipping update.
[        ] Artifact Instance of 'FlutterRunnerSDKArtifacts' is not required, skipping update.
[        ] Artifact Instance of 'FlutterRunnerDebugSymbols' is not required, skipping update.
[        ] Artifact Instance of 'IosUsbArtifacts' is not required, skipping update.
[        ] Artifact Instance of 'IosUsbArtifacts' is not required, skipping update.
[        ] Artifact Instance of 'IosUsbArtifacts' is not required, skipping update.
[        ] Artifact Instance of 'IosUsbArtifacts' is not required, skipping update.
[        ] Artifact Instance of 'IosUsbArtifacts' is not required, skipping update.
[        ] Artifact Instance of 'IosUsbArtifacts' is not required, skipping update.
[        ] Artifact Instance of 'FontSubsetArtifacts' is not required, skipping update.
[        ] Artifact Instance of 'PubDependencies' is not required, skipping update.
[        ] executing: [C:\Users\xboxo\flutter/] git -c log.showSignature=false log HEAD -n 1 --pretty=format:%ad --date=iso
[  +33 ms] Exit code 0 from: git -c log.showSignature=false log HEAD -n 1 --pretty=format:%ad --date=iso
[        ] 2026-01-13 13:47:42 -0800
[  +20 ms] Artifact Instance of 'AndroidGenSnapshotArtifacts' is not required, skipping update.
[        ] Artifact Instance of 'AndroidInternalBuildArtifacts' is not required, skipping update.
[        ] Artifact Instance of 'IOSEngineArtifacts' is not required, skipping update.
[        ] Artifact Instance of 'FlutterWebSdk' is not required, skipping update.
[        ] Artifact Instance of 'FlutterEngineStamp' is not required, skipping update.
[        ] Artifact Instance of 'LegacyCanvasKitRemover' is not required, skipping update.
[   +1 ms] Artifact Instance of 'WindowsEngineArtifacts' is not required, skipping update.
[        ] Artifact Instance of 'MacOSEngineArtifacts' is not required, skipping update.
[        ] Artifact Instance of 'LinuxEngineArtifacts' is not required, skipping update.
[        ] Artifact Instance of 'LinuxFuchsiaSDKArtifacts' is not required, skipping update.
[        ] Artifact Instance of 'MacOSFuchsiaSDKArtifacts' is not required, skipping update.
[        ] Artifact Instance of 'FlutterRunnerSDKArtifacts' is not required, skipping update.
[        ] Artifact Instance of 'FlutterRunnerDebugSymbols' is not required, skipping update.
[  +40 ms] Artifact Instance of 'AndroidGenSnapshotArtifacts' is not required, skipping update.
[        ] Artifact Instance of 'AndroidInternalBuildArtifacts' is not required, skipping update.
[        ] Artifact Instance of 'IOSEngineArtifacts' is not required, skipping update.
[        ] Artifact Instance of 'FlutterWebSdk' is not required, skipping update.
[        ] Artifact Instance of 'FlutterEngineStamp' is not required, skipping update.
[        ] Artifact Instance of 'LegacyCanvasKitRemover' is not required, skipping update.
[   +1 ms] Artifact Instance of 'MacOSEngineArtifacts' is not required, skipping update.
[        ] Artifact Instance of 'LinuxEngineArtifacts' is not required, skipping update.
[        ] Artifact Instance of 'LinuxFuchsiaSDKArtifacts' is not required, skipping update.
[        ] Artifact Instance of 'MacOSFuchsiaSDKArtifacts' is not required, skipping update.
[        ] Artifact Instance of 'FlutterRunnerSDKArtifacts' is not required, skipping update.
[        ] Artifact Instance of 'FlutterRunnerDebugSymbols' is not required, skipping update.
[ +105 ms] Initializing file store
[   +9 ms] Skipping target: gen_localizations
[   +2 ms] gen_dart_plugin_registrant: Starting due to {InvalidatedReasonKind.outputSetAddition: The following outputs were added to the output set: C:\Users\xboxo\Documents\GitHub\JpStudy-v2\.dart_tool\flutter_build\dart_plugin_registrant.dart, InvalidatedReasonKind.inputChanged: The following inputs have updated contents: C:\Users\xboxo\Documents\GitHub\JpStudy-v2\.dart_tool\package_config.json}
[  +84 ms] Found plugin sqlite3_flutter_libs at C:\Users\xboxo\AppData\Local\Pub\Cache\hosted\pub.dev\sqlite3_flutter_libs-0.5.41\
[   +3 ms] Found plugin shared_preferences at C:\Users\xboxo\AppData\Local\Pub\Cache\hosted\pub.dev\shared_preferences-2.5.4\
[   +1 ms] Found plugin shared_preferences_windows at C:\Users\xboxo\AppData\Local\Pub\Cache\hosted\pub.dev\shared_preferences_windows-2.4.1\
[   +1 ms] Found plugin path_provider_windows at C:\Users\xboxo\AppData\Local\Pub\Cache\hosted\pub.dev\path_provider_windows-2.3.0\
[   +2 ms] Found plugin shared_preferences_web at C:\Users\xboxo\AppData\Local\Pub\Cache\hosted\pub.dev\shared_preferences_web-2.4.3\
[   +3 ms] Found plugin shared_preferences_linux at C:\Users\xboxo\AppData\Local\Pub\Cache\hosted\pub.dev\shared_preferences_linux-2.4.1\
[   +1 ms] Found plugin path_provider_linux at C:\Users\xboxo\AppData\Local\Pub\Cache\hosted\pub.dev\path_provider_linux-2.2.1\
[   +1 ms] Found plugin shared_preferences_foundation at C:\Users\xboxo\AppData\Local\Pub\Cache\hosted\pub.dev\shared_preferences_foundation-2.5.6\
[        ] Found plugin shared_preferences_android at C:\Users\xboxo\AppData\Local\Pub\Cache\hosted\pub.dev\shared_preferences_android-2.4.18\
[   +1 ms] Found plugin share_plus at C:\Users\xboxo\AppData\Local\Pub\Cache\hosted\pub.dev\share_plus-12.0.1\
[  +14 ms] Found plugin url_launcher_windows at C:\Users\xboxo\AppData\Local\Pub\Cache\hosted\pub.dev\url_launcher_windows-3.1.5\
[   +2 ms] Found plugin url_launcher_web at C:\Users\xboxo\AppData\Local\Pub\Cache\hosted\pub.dev\url_launcher_web-2.4.2\
[   +1 ms] Found plugin url_launcher_linux at C:\Users\xboxo\AppData\Local\Pub\Cache\hosted\pub.dev\url_launcher_linux-3.2.2\
[   +3 ms] Found plugin path_provider at C:\Users\xboxo\AppData\Local\Pub\Cache\hosted\pub.dev\path_provider-2.1.5\
[   +2 ms] Found plugin path_provider_foundation at C:\Users\xboxo\AppData\Local\Pub\Cache\hosted\pub.dev\path_provider_foundation-2.6.0\
[   +6 ms] Found plugin path_provider_android at C:\Users\xboxo\AppData\Local\Pub\Cache\hosted\pub.dev\path_provider_android-2.2.22\
[   +1 ms] Found plugin just_audio_windows at C:\Users\xboxo\AppData\Local\Pub\Cache\hosted\pub.dev\just_audio_windows-0.2.2\
[   +1 ms] Found plugin just_audio at C:\Users\xboxo\AppData\Local\Pub\Cache\hosted\pub.dev\just_audio-0.9.46\
[   +2 ms] Found plugin just_audio_web at C:\Users\xboxo\AppData\Local\Pub\Cache\hosted\pub.dev\just_audio_web-0.4.16\
[   +2 ms] Found plugin audio_session at C:\Users\xboxo\AppData\Local\Pub\Cache\hosted\pub.dev\audio_session-0.1.25\
[   +1 ms] Found plugin google_mobile_ads at C:\Users\xboxo\AppData\Local\Pub\Cache\hosted\pub.dev\google_mobile_ads-6.0.0\
[        ] Found plugin webview_flutter_wkwebview at C:\Users\xboxo\AppData\Local\Pub\Cache\hosted\pub.dev\webview_flutter_wkwebview-3.23.5\
[   +1 ms] Found plugin webview_flutter_android at C:\Users\xboxo\AppData\Local\Pub\Cache\hosted\pub.dev\webview_flutter_android-4.10.11\
[   +1 ms] Found plugin webview_flutter at C:\Users\xboxo\AppData\Local\Pub\Cache\hosted\pub.dev\webview_flutter-4.13.1\
[   +1 ms] Found plugin flutter_tts at C:\Users\xboxo\AppData\Local\Pub\Cache\hosted\pub.dev\flutter_tts-3.8.5\
[   +3 ms] Found plugin flutter_local_notifications at C:\Users\xboxo\AppData\Local\Pub\Cache\hosted\pub.dev\flutter_local_notifications-17.2.4\
[   +2 ms] Found plugin flutter_local_notifications_linux at C:\Users\xboxo\AppData\Local\Pub\Cache\hosted\pub.dev\flutter_local_notifications_linux-4.0.1\
[   +4 ms] Found plugin file_selector at C:\Users\xboxo\AppData\Local\Pub\Cache\hosted\pub.dev\file_selector-1.1.0\
[        ] Found plugin file_selector_windows at C:\Users\xboxo\AppData\Local\Pub\Cache\hosted\pub.dev\file_selector_windows-0.9.3+5\
[   +1 ms] Found plugin file_selector_web at C:\Users\xboxo\AppData\Local\Pub\Cache\hosted\pub.dev\file_selector_web-0.9.4+2\
[        ] Found plugin file_selector_macos at C:\Users\xboxo\AppData\Local\Pub\Cache\hosted\pub.dev\file_selector_macos-0.9.5\
[        ] Found plugin file_selector_linux at C:\Users\xboxo\AppData\Local\Pub\Cache\hosted\pub.dev\file_selector_linux-0.9.4\
[        ] Found plugin file_selector_ios at C:\Users\xboxo\AppData\Local\Pub\Cache\hosted\pub.dev\file_selector_ios-0.5.3+5\
[        ] Found plugin file_selector_android at C:\Users\xboxo\AppData\Local\Pub\Cache\hosted\pub.dev\file_selector_android-0.5.2+4\
[  +14 ms] Skipping generating dart_plugin_registrant.dart because it is up-to-date.
[        ] gen_dart_plugin_registrant: Complete
[   +2 ms] _composite: Starting due to {}
[        ] _composite: Complete
[   +3 ms] complete
[   +4 ms] Launching lib\main.dart on Windows in debug mode...
[   +2 ms] C:\Users\xboxo\flutter\bin\cache\dart-sdk\bin\dartaotruntime.exe C:\Users\xboxo\flutter\bin\cache\dart-sdk\bin\snapshots\frontend_server_aot.dart.snapshot --sdk-root C:\Users\xboxo\flutter\bin\cache\artifacts\engine\common\flutter_patched_sdk/ --incremental --target=flutter --experimental-emit-debug-metadata -DFLUTTER_VERSION=3.38.7 -DFLUTTER_CHANNEL=stable -DFLUTTER_GIT_URL=https://github.com/flutter/flutter.git -DFLUTTER_FRAMEWORK_REVISION=3b62efc2a3 -DFLUTTER_ENGINE_REVISION=78fc3012e4 -DFLUTTER_DART_VERSION=3.10.7 --output-dill C:\Users\xboxo\AppData\Local\Temp\flutter_tools.f01deb8b\flutter_tool.ab783f12\app.dill --packages C:\Users\xboxo\Documents\GitHub\JpStudy-v2\.dart_tool\package_config.json -Ddart.vm.profile=false -Ddart.vm.product=false --enable-asserts --track-widget-creation --filesystem-scheme org-dartlang-root --initialize-from-dill build\199e63d12aae48772fe1ad268adc4fc7.cache.dill.track.dill --source file:///C:/Users/xboxo/Documents/GitHub/JpStudy-v2/.dart_tool/flutter_build/dart_plugin_registrant.dart --source package:flutter/src/dart_plugin_registrant.dart -Dflutter.dart_plugin_registrant=file:///C:/Users/xboxo/Documents/GitHub/JpStudy-v2/.dart_tool/flutter_build/dart_plugin_registrant.dart --verbosity=error --enable-experiment=alternative-invalidation-strategy
[  +17 ms] executing: C:\Program Files (x86)\Microsoft Visual Studio\Installer\vswhere.exe -format json -products * -utf8 -latest -version 16 -requires Microsoft.VisualStudio.Workload.NativeDesktop Microsoft.VisualStudio.Component.VC.Tools.x86.x64 Microsoft.VisualStudio.Component.VC.CMake.Project
[  +34 ms] Exit code 0 from: C:\Program Files (x86)\Microsoft Visual Studio\Installer\vswhere.exe -format json -products * -utf8 -latest -version 16 -requires Microsoft.VisualStudio.Workload.NativeDesktop Microsoft.VisualStudio.Component.VC.Tools.x86.x64 Microsoft.VisualStudio.Component.VC.CMake.Project
[        ] [
             {
               "instanceId": "b5d9d7f1",
               "installDate": "2026-01-16T05:28:27Z",
               "installationName": "VisualStudio/18.2.0+11408.102",
               "installationPath": "C:\\Program Files\\Microsoft Visual Studio\\18\\Community",
               "installationVersion": "18.2.11408.102",
               "productId": "Microsoft.VisualStudio.Product.Community",
               "productPath": "C:\\Program Files\\Microsoft Visual Studio\\18\\Community\\Common7\\IDE\\devenv.exe",
               "state": 4294967295,
               "isComplete": true,
               "isLaunchable": true,
               "isPrerelease": false,
               "isRebootRequired": false,
               "displayName": "Visual Studio Community 2026",
               "description": "Everything you need to build modern apps ΓÇô free for you, built for impact.",
               "channelId": "VisualStudio.18.Release",
               "channelUri": "https://aka.ms/vs/18/stable/channel",
               "enginePath": "C:\\Program Files (x86)\\Microsoft Visual Studio\\Installer\\resources\\app\\ServiceHub\\Services\\Microsoft.VisualStudio.Setup.Service",
               "expirationDate": "2026-04-08T17:00:00+00:00",
               "installedChannelId": "VisualStudio.18.Release",
               "installedChannelUri": "https://aka.ms/vs/18/stable/channel",
               "releaseNotes": "https://docs.microsoft.com/en-us/visualstudio/releases/18/release-notes-v18.2#18.2.0",
               "resolvedInstallationPath": "C:\\Program Files\\Microsoft Visual Studio\\18\\Community",
               "retirementDate": "2026-07-07T17:00:00+00:00",
               "thirdPartyNotices": "https://go.microsoft.com/fwlink/?LinkId=661480",
               "updateDate": "2026-01-16T05:28:27.3957707Z",
               "catalog": {
                 "buildBranch": "d18.0",
                 "buildVersion": "18.2.11408.102",
                 "featureReleaseMonth": "01",
                 "featureReleaseYear": "2026",
                 "id": "VisualStudio/18.2.0+11408.102",
                 "includeBuildVersionInDisplayVersion": "False",
                 "localBuild": "build-lab",
                 "manifestName": "VisualStudio",
                 "manifestType": "installer",
                 "productDisplayVersion": "18.2.0",
                 "productLine": "Dev18",
                 "productLineVersion": "18",
                 "productMilestone": "RTW",
                 "productMilestoneIsPreRelease": "False",
                 "productName": "Visual Studio",
                 "productPatchVersion": "0",
                 "productPreReleaseMilestoneSuffix": "1.0",
                 "productRelease": "RTW",
                 "productSemanticVersion": "18.2.0+11408.102",
                 "requiredEngineVersion": "4.0.2168.39045"
               },
               "properties": {
                 "appLocalWPF": "false",
                 "campaignId": "2500:d0f7bf82e2f44493b4b589bc060c8691",
                 "channelManifestId": "VisualStudio.18.Release/18.2.0+11408.102",
                 "includeRecommended": "1",
                 "nickname": "",
                 "setupEngineFilePath": "C:\\Program Files (x86)\\Microsoft Visual Studio\\Installer\\setup.exe"
               }
             }
           ]
[   +3 ms] Building Windows application...
[   +3 ms] <- compile package:jpstudy/main.dart
[   +1 ms] executing: C:\Program Files\Microsoft Visual Studio\18\Community\Common7\IDE\CommonExtensions\Microsoft\CMake\CMake\bin\cmake.exe -S C:\Users\xboxo\Documents\GitHub\JpStudy-v2\windows -B C:\Users\xboxo\Documents\GitHub\JpStudy-v2\build\windows\x64 -G Visual Studio 18 2026 -A x64 -DFLUTTER_TARGET_PLATFORM=windows-x64
[  +36 ms] -- Selecting Windows SDK version 10.0.26100.0 to target Windows 10.0.26200.
[ +812 ms] -- The CXX compiler identification is MSVC 19.50.35722.0
[  +24 ms] -- Detecting CXX compiler ABI info
[ +554 ms] -- Detecting CXX compiler ABI info - done
[  +14 ms] -- Check for working CXX compiler: C:/Program Files/Microsoft Visual Studio/18/Community/VC/Tools/MSVC/14.50.35717/bin/Hostx64/x64/cl.exe - skipped
[        ] -- Detecting CXX compile features
[        ] -- Detecting CXX compile features - done
flutter : [  +13 ms] 
CMake Warning (dev) 
at flutter/ephemeral/.
plugin_symlinks/flutte
r_tts/windows/CMakeLis
ts.txt:12 
(exec_program):
At line:1 char:100
+ ... ter pub get; 
flutter run -v -d 
windows --no-pub > 
run_log_v4.txt 2>&1
+                  ~~~
~~~~~~~~~~~~~~~~~~~~~~
~~~~~~~~~~~~~~~~~~~~~~
~~~~~~~~~
    + CategoryInfo    
          : NotSpeci  
  fied: ([  +13 ms]   
  CMak...(exec_pro    
gram)::String) []    
, RemoteException
    + FullyQualifiedE 
   rrorId : NativeCo  
  mmandError
 
[        ]   Policy 
CMP0153 is not set: 
The exec_program 
command should not be 
called.
[        ]   Run 
"cmake --help-policy 
CMP0153" for policy 
details.  Use the 
cmake_policy
[        ]   command 
to set the policy and 
suppress this warning.
[        ]   Use 
execute_process() 
instead.
[        ] This 
warning is for 
project developers.  
Use -Wno-dev to 
suppress it.
[ +474 ms] Feeds used:
[        ]   C:\Users\xboxo\.nuget\packages\
[        ]   https://api.nuget.org/v3/index.json
[  +59 ms] Attempting to gather dependency information for package 'Microsoft.Windows.CppWinRT.2.0.210503.1' with respect to project 'C:\Users\xboxo\Documents\GitHub\JpStudy-v2\build\windows\x64\packages', targeting 'Any,Version=v0.0'
[ +149 ms] Gathering dependency information took 140 ms
[   +5 ms] Attempting to resolve dependencies for package 'Microsoft.Windows.CppWinRT.2.0.210503.1' with DependencyBehavior 'Lowest'
[  +31 ms] Resolving dependency information took 0 ms
[        ] Resolving actions to install package 'Microsoft.Windows.CppWinRT.2.0.210503.1'
[        ] Resolved actions to install package 'Microsoft.Windows.CppWinRT.2.0.210503.1'
[  +16 ms] Retrieving package 'Microsoft.Windows.CppWinRT 2.0.210503.1' from 'C:\Users\xboxo\.nuget\packages\'.
[  +28 ms] Adding package 'Microsoft.Windows.CppWinRT.2.0.210503.1' to folder 'C:\Users\xboxo\Documents\GitHub\JpStudy-v2\build\windows\x64\packages'
[ +178 ms] Added package 'Microsoft.Windows.CppWinRT.2.0.210503.1' to folder 'C:\Users\xboxo\Documents\GitHub\JpStudy-v2\build\windows\x64\packages'
[   +1 ms] Successfully installed 'Microsoft.Windows.CppWinRT 2.0.210503.1' to C:\Users\xboxo\Documents\GitHub\JpStudy-v2\build\windows\x64\packages
[   +1 ms] Executing nuget actions took 216 ms
[ +533 ms] -- The C compiler identification is MSVC 19.50.35722.0
[  +15 ms] -- Detecting C compiler ABI info
[ +536 ms] -- Detecting C compiler ABI info - done
[  +15 ms] -- Check for working C compiler: C:/Program Files/Microsoft Visual Studio/18/Community/VC/Tools/MSVC/14.50.35717/bin/Hostx64/x64/cl.exe - skipped
[        ] -- Detecting C compile features
[        ] -- Detecting C compile features - done
[+12264 ms] -- Configuring done (15.7s)
[ +149 ms] -- Generating done (0.1s)
[   +1 ms] -- Build files have been written to: C:/Users/xboxo/Documents/GitHub/JpStudy-v2/build/windows/x64
[  +20 ms] executing: C:\Program Files\Microsoft Visual Studio\18\Community\Common7\IDE\CommonExtensions\Microsoft\CMake\CMake\bin\cmake.exe --build C:\Users\xboxo\Documents\GitHub\JpStudy-v2\build\windows\x64 --config Debug --target INSTALL --verbose
[  +50 ms] Change Dir: 'C:/Users/xboxo/Documents/GitHub/JpStudy-v2/build/windows/x64'
[        ] Run Build Command(s): "C:/Program Files/Microsoft Visual Studio/18/Community/MSBuild/Current/Bin/amd64/MSBuild.exe" INSTALL.vcxproj /p:Configuration=Debug /p:Platform=x64 /p:VisualStudioVersion=18.0 /v:n
[  +53 ms] MSBuild version 18.0.5+e22287bf1 for .NET Framework
[  +27 ms] Build started 1/19/2026 12:56:11 PM.
[ +113 ms] Project "C:\Users\xboxo\Documents\GitHub\JpStudy-v2\build\windows\x64\INSTALL.vcxproj" on node 1 (default targets).
[        ] Project "C:\Users\xboxo\Documents\GitHub\JpStudy-v2\build\windows\x64\INSTALL.vcxproj" (1) is building "C:\Users\xboxo\Documents\GitHub\JpStudy-v2\build\windows\x64\ZERO_CHECK.vcxproj" (2) on node 1 (default targets).
[        ] PrepareForBuild:
[        ]   Creating directory "x64\Debug\ZERO_CHECK\".
[   +4 ms]   Structured output is enabled. The formatting of compiler diagnostics will reflect the error hierarchy. See https://aka.ms/cpp/structured-output for more details.
[        ]   Creating directory "x64\Debug\ZERO_CHECK\ZERO_CHECK.tlog\".
[   +1 ms] InitializeBuildStatus:
[        ]   Creating "x64\Debug\ZERO_CHECK\ZERO_CHECK.tlog\unsuccessfulbuild" because "AlwaysCreate" was specified.
[        ]   Touching "x64\Debug\ZERO_CHECK\ZERO_CHECK.tlog\unsuccessfulbuild".
[  +46 ms] CustomBuild:
[        ]   1>Checking Build System
[  +59 ms] FinalizeBuildStatus:
[        ]   Deleting file "x64\Debug\ZERO_CHECK\ZERO_CHECK.tlog\unsuccessfulbuild".
[        ]   Touching "x64\Debug\ZERO_CHECK\ZERO_CHECK.tlog\ZERO_CHECK.lastbuildstate".
[        ] Done Building Project "C:\Users\xboxo\Documents\GitHub\JpStudy-v2\build\windows\x64\ZERO_CHECK.vcxproj" (default targets).
[  +45 ms] Project "C:\Users\xboxo\Documents\GitHub\JpStudy-v2\build\windows\x64\INSTALL.vcxproj" (1) is building "C:\Users\xboxo\Documents\GitHub\JpStudy-v2\build\windows\x64\ALL_BUILD.vcxproj" (3) on node 1 (default targets).
[        ] Project "C:\Users\xboxo\Documents\GitHub\JpStudy-v2\build\windows\x64\ALL_BUILD.vcxproj" (3) is building "C:\Users\xboxo\Documents\GitHub\JpStudy-v2\build\windows\x64\plugins\file_selector_windows\file_selector_windows_plugin.vcxproj" (4) on node 1 (default targets).
[        ] Project "C:\Users\xboxo\Documents\GitHub\JpStudy-v2\build\windows\x64\plugins\file_selector_windows\file_selector_windows_plugin.vcxproj" (4) is building "C:\Users\xboxo\Documents\GitHub\JpStudy-v2\build\windows\x64\flutter\flutter_assemble.vcxproj" (5) on node 1 (default targets).
[        ] PrepareForBuild:
[        ]   Creating directory "x64\Debug\flutter_assemble\".
[   +1 ms]   Structured output is enabled. The formatting of compiler diagnostics will reflect the error hierarchy. See https://aka.ms/cpp/structured-output for more details.
[        ]   Creating directory "x64\Debug\flutter_assemble\flutter_assemble.tlog\".
[   +1 ms] InitializeBuildStatus:
[        ]   Creating "x64\Debug\flutter_assemble\flutter_assemble.tlog\unsuccessfulbuild" because "AlwaysCreate" was specified.
[        ]   Touching "x64\Debug\flutter_assemble\flutter_assemble.tlog\unsuccessfulbuild".
[   +1 ms] CustomBuild:
[        ]   "The build of 'C:\Users\xboxo\Documents\GitHub\JpStudy-v2\build\windows\x64\CMakeFiles\cedff699e2686155b9cc4f886a96bfc0\flutter_assemble.rule' depends on 'C:\USERS\XBOXO\DOCUMENTS\GITHUB\JPSTUDY-V2\WINDOWS\FLUTTER\EPHEMERAL\FLUTTER_WINDOWS.DLL' which is produced by the build of 'C:\Users\xboxo\Documents\GitHub\JpStudy-v2\build\windows\x64\CMakeFiles\1422cb5bb594544a1350a95fbb6facc3\flutter_windows.dll.rule'. The items cannot be built in parallel."
[  +37 ms]   Generating C:/Users/xboxo/Documents/GitHub/JpStudy-v2/windows/flutter/ephemeral/flutter_windows.dll, C:/Users/xboxo/Documents/GitHub/JpStudy-v2/windows/flutter/ephemeral/flutter_export.h, C:/Users/xboxo/Documents/GitHub/JpStudy-v2/windows/flutter/ephemeral/flutter_windows.h, C:/Users/xboxo/Documents/GitHub/JpStudy-v2/windows/flutter/ephemeral/flutter_messenger.h, C:/Users/xboxo/Documents/GitHub/JpStudy-v2/windows/flutter/ephemeral/flutter_plugin_registrar.h, C:/Users/xboxo/Documents/GitHub/JpStudy-v2/windows/flutter/ephemeral/flutter_texture_registrar.h, C:/Users/xboxo/Documents/GitHub/JpStudy-v2/windows/flutter/ephemeral/cpp_client_wrapper/core_implementations.cc, C:/Users/xboxo/Documents/GitHub/JpStudy-v2/windows/flutter/ephemeral/cpp_client_wrapper/standard_codec.cc, C:/Users/xboxo/Documents/GitHub/JpStudy-v2/windows/flutter/ephemeral/cpp_client_wrapper/plugin_registrar.cc, C:/Users/xboxo/Documents/GitHub/JpStudy-v2/windows/flutter/ephemeral/cpp_client_wrapper/flutter_engine.cc, C:/Users/xboxo/Documents/GitHub/JpStudy-v2/windows/flutter/ephemeral/cpp_client_wrapper/flutter_view_controller.cc, _phony_
[ +758 ms]   [  +94 ms] Artifact Instance of 'MaterialFonts' is not required, skipping update.
[        ]   [        ] Artifact Instance of 'GradleWrapper' is not required, skipping update.
[        ]   [        ] Artifact Instance of 'AndroidGenSnapshotArtifacts' is not required, skipping update.
[        ]   [        ] Artifact Instance of 'AndroidInternalBuildArtifacts' is not required, skipping update.
[        ]   [        ] Artifact Instance of 'IOSEngineArtifacts' is not required, skipping update.
[        ]   [        ] Artifact Instance of 'FlutterWebSdk' is not required, skipping update.
[        ]   [        ] Artifact Instance of 'LegacyCanvasKitRemover' is not required, skipping update.
[        ]   [        ] Artifact Instance of 'FlutterSdk' is not required, skipping update.
[        ]   [        ] Artifact Instance of 'WindowsEngineArtifacts' is not required, skipping update.
[        ]   [        ] Artifact Instance of 'MacOSEngineArtifacts' is not required, skipping update.
[        ]   [        ] Artifact Instance of 'LinuxEngineArtifacts' is not required, skipping update.
[        ]   [        ] Artifact Instance of 'LinuxFuchsiaSDKArtifacts' is not required, skipping update.
[        ]   [        ] Artifact Instance of 'MacOSFuchsiaSDKArtifacts' is not required, skipping update.
[        ]   [        ] Artifact Instance of 'FlutterRunnerSDKArtifacts' is not required, skipping update.
[        ]   [        ] Artifact Instance of 'FlutterRunnerDebugSymbols' is not required, skipping update.
[        ]   [        ] Artifact Instance of 'IosUsbArtifacts' is not required, skipping update.
[        ]   [        ] Artifact Instance of 'IosUsbArtifacts' is not required, skipping update.
[        ]   [        ] Artifact Instance of 'IosUsbArtifacts' is not required, skipping update.
[        ]   [        ] Artifact Instance of 'IosUsbArtifacts' is not required, skipping update.
[        ]   [        ] Artifact Instance of 'IosUsbArtifacts' is not required, skipping update.
[        ]   [        ] Artifact Instance of 'IosUsbArtifacts' is not required, skipping update.
[        ]   [        ] Artifact Instance of 'FontSubsetArtifacts' is not required, skipping update.
[        ]   [        ] Artifact Instance of 'PubDependencies' is not required, skipping update.
[   +2 ms]   [   +7 ms] Artifact Instance of 'AndroidGenSnapshotArtifacts' is not required, skipping update.
[        ]   [        ] Artifact Instance of 'AndroidInternalBuildArtifacts' is not required, skipping update.
[        ]   [        ] Artifact Instance of 'IOSEngineArtifacts' is not required, skipping update.
[        ]   [        ] Artifact Instance of 'FlutterWebSdk' is not required, skipping update.
[        ]   [        ] Artifact Instance of 'FlutterEngineStamp' is not required, skipping update.
[        ]   [        ] Artifact Instance of 'LegacyCanvasKitRemover' is not required, skipping update.
[   +1 ms]   [   +1 ms] Artifact Instance of 'WindowsEngineArtifacts' is not required, skipping update.
[        ]   [        ] Artifact Instance of 'MacOSEngineArtifacts' is not required, skipping update.
[        ]   [        ] Artifact Instance of 'LinuxEngineArtifacts' is not required, skipping update.
[        ]   [        ] Artifact Instance of 'LinuxFuchsiaSDKArtifacts' is not required, skipping update.
[        ]   [        ] Artifact Instance of 'MacOSFuchsiaSDKArtifacts' is not required, skipping update.
[        ]   [        ] Artifact Instance of 'FlutterRunnerSDKArtifacts' is not required, skipping update.
[        ]   [        ] Artifact Instance of 'FlutterRunnerDebugSymbols' is not required, skipping update.
[  +33 ms]   [  +33 ms] Artifact Instance of 'MaterialFonts' is not required, skipping update.
[        ]   [        ] Artifact Instance of 'GradleWrapper' is not required, skipping update.
[        ]   [        ] Artifact Instance of 'AndroidGenSnapshotArtifacts' is not required, skipping update.
[        ]   [        ] Artifact Instance of 'AndroidInternalBuildArtifacts' is not required, skipping update.
[        ]   [        ] Artifact Instance of 'IOSEngineArtifacts' is not required, skipping update.
[        ]   [        ] Artifact Instance of 'FlutterWebSdk' is not required, skipping update.
[        ]   [        ] Artifact Instance of 'FlutterEngineStamp' is not required, skipping update.
[        ]   [        ] Artifact Instance of 'LegacyCanvasKitRemover' is not required, skipping update.
[        ]   [        ] Artifact Instance of 'FlutterSdk' is not required, skipping update.
[        ]   [   +1 ms] Artifact Instance of 'MacOSEngineArtifacts' is not required, skipping update.
[        ]   [        ] Artifact Instance of 'LinuxEngineArtifacts' is not required, skipping update.
[        ]   [        ] Artifact Instance of 'LinuxFuchsiaSDKArtifacts' is not required, skipping update.
[        ]   [        ] Artifact Instance of 'MacOSFuchsiaSDKArtifacts' is not required, skipping update.
[        ]   [        ] Artifact Instance of 'FlutterRunnerSDKArtifacts' is not required, skipping update.
[        ]   [        ] Artifact Instance of 'FlutterRunnerDebugSymbols' is not required, skipping update.
[        ]   [        ] Artifact Instance of 'IosUsbArtifacts' is not required, skipping update.
[        ]   [        ] Artifact Instance of 'IosUsbArtifacts' is not required, skipping update.
[        ]   [        ] Artifact Instance of 'IosUsbArtifacts' is not required, skipping update.
[        ]   [        ] Artifact Instance of 'IosUsbArtifacts' is not required, skipping update.
[        ]   [        ] Artifact Instance of 'IosUsbArtifacts' is not required, skipping update.
[        ]   [        ] Artifact Instance of 'IosUsbArtifacts' is not required, skipping update.
[        ]   [        ] Artifact Instance of 'FontSubsetArtifacts' is not required, skipping update.
[        ]   [        ] Artifact Instance of 'PubDependencies' is not required, skipping update.
[  +27 ms]   [  +27 ms] Initializing file store
[  +15 ms]   [  +15 ms] Done initializing file store
[  +47 ms]   [  +47 ms] Skipping target: dart_build
[   +1 ms]   [   +1 ms] Skipping target: gen_dart_plugin_registrant
[+2377 ms]   [+2376 ms] Skipping target: unpack_windows
[        ]   [        ] Skipping target: install_code_assets
[        ]   [        ] Skipping target: gen_localizations
[ +730 ms]   [ +729 ms] Skipping target: kernel_snapshot_program
[   +9 ms]   [   +9 ms] invalidated build due to missing files: C:\Users\xboxo\Documents\GitHub\JpStudy-v2\DOES_NOT_EXIST_RERUN_FOR_WILDCARD26898628
[  +27 ms]   [  +27 ms] debug_bundle_windows-x64_assets: Starting due to {InvalidatedReasonKind.outputMissing: The following outputs were missing: C:\Users\xboxo\Documents\GitHub\JpStudy-v2\build\flutter_assets\kernel_blob.bin,C:\Users\xboxo\Documents\GitHub\JpStudy-v2\build\flutter_assets\assets\audio\.gitkeep,C:\Users\xboxo\Documents\GitHub\JpStudy-v2\build\flutter_assets\assets\fonts\Manrope\Manrope%5Bwght%5D.ttf,C:\Users\xboxo\Documents\GitHub\JpStudy-v2\build\flutter_assets\packages\cupertino_icons\assets\CupertinoIcons.ttf,C:\Users\xboxo\Documents\GitHub\JpStudy-v2\build\flutter_assets\fonts\MaterialIcons-Regular.otf,C:\Users\xboxo\Documents\GitHub\JpStudy-v2\build\flutter_assets\shaders\ink_sparkle.frag,C:\Users\xboxo\Documents\GitHub\JpStudy-v2\build\flutter_assets\shaders\stretch_effect.frag,C:\Users\xboxo\Documents\GitHub\JpStudy-v2\build\flutter_assets\AssetManifest.bin,C:\Users\xboxo\Documents\GitHub\JpStudy-v2\build\flutter_assets\FontManifest.json,C:\Users\xboxo\Documents\GitHub\JpStudy-v2\build\flutter_assets\NOTICES.Z,C:\Users\xboxo\Documents\GitHub\JpStudy-v2\build\flutter_assets\NativeAssetsManifest.json, InvalidatedReasonKind.inputMissing: The following inputs were missing: C:\Users\xboxo\Documents\GitHub\JpStudy-v2\DOES_NOT_EXIST_RERUN_FOR_WILDCARD26898628}
[ +197 ms]   [ +197 ms] Manifest contained wildcard assets. Inserting missing file into build graph to force rerun. for more information see #56466.
[   +9 ms]   [   +9 ms] shaderc command: [C:\Users\xboxo\flutter\bin\cache\artifacts\engine\windows-x64\impellerc.exe, --sksl, --runtime-stage-gles, --runtime-stage-gles3, --runtime-stage-vulkan, --iplr, --sl=C:\Users\xboxo\Documents\GitHub\JpStudy-v2\build\flutter_assets\shaders/ink_sparkle.frag, --spirv=C:\Users\xboxo\Documents\GitHub\JpStudy-v2\build\flutter_assets\shaders/ink_sparkle.frag.spirv, --input=C:\Users\xboxo\flutter\packages\flutter\lib\src\material\shaders\ink_sparkle.frag, --input-type=frag, --include=C:\Users\xboxo\flutter\packages\flutter\lib\src\material\shaders, --include=C:\Users\xboxo\flutter\bin\cache\artifacts\engine\windows-x64\shader_lib]
[        ]   [   +1 ms] shaderc command: [C:\Users\xboxo\flutter\bin\cache\artifacts\engine\windows-x64\impellerc.exe, --sksl, --runtime-stage-gles, --runtime-stage-gles3, --runtime-stage-vulkan, --iplr, --sl=C:\Users\xboxo\Documents\GitHub\JpStudy-v2\build\flutter_assets\shaders/stretch_effect.frag, --spirv=C:\Users\xboxo\Documents\GitHub\JpStudy-v2\build\flutter_assets\shaders/stretch_effect.frag.spirv, --input=C:\Users\xboxo\flutter\packages\flutter\lib\src\material\shaders\stretch_effect.frag, --input-type=frag, --include=C:\Users\xboxo\flutter\packages\flutter\lib\src\material\shaders, --include=C:\Users\xboxo\flutter\bin\cache\artifacts\engine\windows-x64\shader_lib]
[ +583 ms]   [ +583 ms] debug_bundle_windows-x64_assets: Complete
[ +345 ms]   [ +345 ms] Persisting file store
[  +12 ms]   [  +13 ms] Done persisting file store
[  +22 ms]   [  +22 ms] build succeeded.
[        ]   [        ] "flutter assemble" took 4,455ms.
[  +46 ms]   [  +45 ms] Running 1 shutdown hook
[        ]   [        ] Shutdown hooks complete
[ +152 ms]   [ +151 ms] exiting with code 0
[  +59 ms]   Building Custom Rule C:/Users/xboxo/Documents/GitHub/JpStudy-v2/windows/flutter/CMakeLists.txt
[  +51 ms] FinalizeBuildStatus:
[        ]   Deleting file "x64\Debug\flutter_assemble\flutter_assemble.tlog\unsuccessfulbuild".
[        ]   Touching "x64\Debug\flutter_assemble\flutter_assemble.tlog\flutter_assemble.lastbuildstate".
[        ] Done Building Project "C:\Users\xboxo\Documents\GitHub\JpStudy-v2\build\windows\x64\flutter\flutter_assemble.vcxproj" (default targets).
[  +14 ms] Project "C:\Users\xboxo\Documents\GitHub\JpStudy-v2\build\windows\x64\plugins\file_selector_windows\file_selector_windows_plugin.vcxproj" (4) is building "C:\Users\xboxo\Documents\GitHub\JpStudy-v2\build\windows\x64\flutter\flutter_wrapper_plugin.vcxproj" (6) on node 1 (default targets).
[        ] PrepareForBuild:
[        ]   Creating directory "flutter_wrapper_plugin.dir\Debug\".
[   +1 ms]   Structured output is enabled. The formatting of compiler diagnostics will reflect the error hierarchy. See https://aka.ms/cpp/structured-output for more details.
[        ]   Creating directory "C:\Users\xboxo\Documents\GitHub\JpStudy-v2\build\windows\x64\flutter\Debug\".
[        ]   Creating directory "flutter_wrapper_plugin.dir\Debug\flutter_.238A7705.tlog\".
[   +1 ms] InitializeBuildStatus:
[        ]   Creating "flutter_wrapper_plugin.dir\Debug\flutter_.238A7705.tlog\unsuccessfulbuild" because "AlwaysCreate" was specified.
[        ]   Touching "flutter_wrapper_plugin.dir\Debug\flutter_.238A7705.tlog\unsuccessfulbuild".
[  +19 ms] CustomBuild:
[        ]   Building Custom Rule C:/Users/xboxo/Documents/GitHub/JpStudy-v2/windows/flutter/CMakeLists.txt
[  +61 ms] ClCompile:
[        ]   C:\Program Files\Microsoft Visual Studio\18\Community\VC\Tools\MSVC\14.50.35717\bin\HostX64\x64\CL.exe /c /I"C:\Users\xboxo\Documents\GitHub\JpStudy-v2\windows\flutter\ephemeral\cpp_client_wrapper\include" /I"C:\Users\xboxo\Documents\GitHub\JpStudy-v2\windows\flutter\ephemeral" /Zi /nologo /W4 /WX- /diagnostics:column /Od /Ob0 /D _UNICODE /D UNICODE /D WIN32 /D _WINDOWS /D _HAS_EXCEPTIONS=0 /D _DEBUG /D UNICODE /D _UNICODE /D "CMAKE_INTDIR=\"Debug\"" /EHsc /RTC1 /MDd /GS /fp:precise /GR /std:c++17 /Fo"flutter_wrapper_plugin.dir\Debug\\" /Fd"C:\Users\xboxo\Documents\GitHub\JpStudy-v2\build\windows\x64\flutter\Debug\flutter_wrapper_plugin.pdb" /external:W4 /Gd /TP /wd4100 /errorReport:queue "C:\Users\xboxo\Documents\GitHub\JpStudy-v2\windows\flutter\ephemeral\cpp_client_wrapper\core_implementations.cc" "C:\Users\xboxo\Documents\GitHub\JpStudy-v2\windows\flutter\ephemeral\cpp_client_wrapper\standard_codec.cc" "C:\Users\xboxo\Documents\GitHub\JpStudy-v2\windows\flutter\ephemeral\cpp_client_wrapper\plugin_registrar.cc"
[  +34 ms]   core_implementations.cc
[ +590 ms]   standard_codec.cc
[ +690 ms]   plugin_registrar.cc
[ +388 ms]   Generating Code...
[ +178 ms] Lib:
[        ]   C:\Program Files\Microsoft Visual Studio\18\Community\VC\Tools\MSVC\14.50.35717\bin\HostX64\x64\Lib.exe /OUT:"C:\Users\xboxo\Documents\GitHub\JpStudy-v2\build\windows\x64\flutter\Debug\flutter_wrapper_plugin.lib" /NOLOGO /MACHINE:X64  /machine:x64 flutter_wrapper_plugin.dir\Debug\core_implementations.obj
[        ]   flutter_wrapper_plugin.dir\Debug\standard_codec.obj
[        ]   flutter_wrapper_plugin.dir\Debug\plugin_registrar.obj
[  +85 ms]   flutter_wrapper_plugin.vcxproj -> C:\Users\xboxo\Documents\GitHub\JpStudy-v2\build\windows\x64\flutter\Debug\flutter_wrapper_plugin.lib
[   +9 ms] FinalizeBuildStatus:
[        ]   Deleting file "flutter_wrapper_plugin.dir\Debug\flutter_.238A7705.tlog\unsuccessfulbuild".
[        ]   Touching "flutter_wrapper_plugin.dir\Debug\flutter_.238A7705.tlog\flutter_wrapper_plugin.lastbuildstate".
[        ] Done Building Project "C:\Users\xboxo\Documents\GitHub\JpStudy-v2\build\windows\x64\flutter\flutter_wrapper_plugin.vcxproj" (default targets).
[   +3 ms] PrepareForBuild:
[        ]   Creating directory "file_selector_windows_plugin.dir\Debug\".
[   +1 ms]   Structured output is enabled. The formatting of compiler diagnostics will reflect the error hierarchy. See https://aka.ms/cpp/structured-output for more details.
[        ]   Creating directory "C:\Users\xboxo\Documents\GitHub\JpStudy-v2\build\windows\x64\plugins\file_selector_windows\Debug\".
[        ]   Creating directory "file_selector_windows_plugin.dir\Debug\file_sel.CF69AC36.tlog\".
[   +1 ms] InitializeBuildStatus:
[        ]   Creating "file_selector_windows_plugin.dir\Debug\file_sel.CF69AC36.tlog\unsuccessfulbuild" because "AlwaysCreate" was specified.
[        ]   Touching "file_selector_windows_plugin.dir\Debug\file_sel.CF69AC36.tlog\unsuccessfulbuild".
[  +21 ms] CustomBuild:
[        ]   Building Custom Rule C:/Users/xboxo/Documents/GitHub/JpStudy-v2/windows/flutter/ephemeral/.plugin_symlinks/file_selector_windows/windows/CMakeLists.txt
[  +31 ms] ClCompile:
[        ]   C:\Program Files\Microsoft Visual Studio\18\Community\VC\Tools\MSVC\14.50.35717\bin\HostX64\x64\CL.exe /c /I"C:\Users\xboxo\Documents\GitHub\JpStudy-v2\windows\flutter\ephemeral" /I"C:\Users\xboxo\Documents\GitHub\JpStudy-v2\windows\flutter\ephemeral\cpp_client_wrapper\include" /Zi /nologo /W4 /WX- /diagnostics:column /Od /Ob0 /D _WINDLL /D _UNICODE /D UNICODE /D WIN32 /D _WINDOWS /D _HAS_EXCEPTIONS=0 /D _DEBUG /D FLUTTER_PLUGIN_IMPL /D _HAS_EXCEPTIONS=1 /D UNICODE /D _UNICODE /D "CMAKE_INTDIR=\"Debug\"" /D file_selector_windows_plugin_EXPORTS /EHsc /RTC1 /MDd /GS /fp:precise /GR /std:c++17 /Fo"file_selector_windows_plugin.dir\Debug\\" /Fd"file_selector_windows_plugin.dir\Debug\vc145.pdb" /external:W4 /Gd /TP /wd4100 /errorReport:queue "C:\Users\xboxo\Documents\GitHub\JpStudy-v2\windows\flutter\ephemeral\.plugin_symlinks\file_selector_windows\windows\file_selector_windows.cpp" "C:\Users\xboxo\Documents\GitHub\JpStudy-v2\windows\flutter\ephemeral\.plugin_symlinks\file_selector_windows\windows\file_dialog_controller.cpp" "C:\Users\xboxo\Documents\GitHub\JpStudy-v2\windows\flutter\ephemeral\.plugin_symlinks\file_selector_windows\windows\file_selector_plugin.cpp" "C:\Users\xboxo\Documents\GitHub\JpStudy-v2\windows\flutter\ephemeral\.plugin_symlinks\file_selector_windows\windows\messages.g.cpp" "C:\Users\xboxo\Documents\GitHub\JpStudy-v2\windows\flutter\ephemeral\.plugin_symlinks\file_selector_windows\windows\string_utils.cpp"
[  +27 ms]   file_selector_windows.cpp
[ +882 ms]   file_dialog_controller.cpp
[ +419 ms]   file_selector_plugin.cpp
[+1082 ms]   messages.g.cpp
[ +700 ms]   string_utils.cpp
[ +483 ms]   Generating Code...
[ +232 ms] Link:
[        ]   C:\Program Files\Microsoft Visual Studio\18\Community\VC\Tools\MSVC\14.50.35717\bin\HostX64\x64\link.exe /OUT:"C:\Users\xboxo\Documents\GitHub\JpStudy-v2\build\windows\x64\plugins\file_selector_windows\Debug\file_selector_windows_plugin.dll" /INCREMENTAL /ILK:"file_selector_windows_plugin.dir\Debug\file_selector_windows_plugin.ilk" /NOLOGO ..\..\flutter\Debug\flutter_wrapper_plugin.lib "C:\Users\xboxo\Documents\GitHub\JpStudy-v2\windows\flutter\ephemeral\flutter_windows.dll.lib" kernel32.lib user32.lib gdi32.lib winspool.lib shell32.lib ole32.lib oleaut32.lib uuid.lib comdlg32.lib advapi32.lib /MANIFEST /MANIFESTUAC:"level='asInvoker' uiAccess='false'" /manifest:embed /DEBUG /PDB:"C:/Users/xboxo/Documents/GitHub/JpStudy-v2/build/windows/x64/plugins/file_selector_windows/Debug/file_selector_windows_plugin.pdb" /TLBID:1 /IMPLIB:"C:/Users/xboxo/Documents/GitHub/JpStudy-v2/build/windows/x64/plugins/file_selector_windows/Debug/file_selector_windows_plugin.lib" /MACHINE:X64  /machine:x64 /DLL file_selector_windows_plugin.dir\Debug\file_selector_windows.obj
[        ]   file_selector_windows_plugin.dir\Debug\file_dialog_controller.obj
[        ]   file_selector_windows_plugin.dir\Debug\file_selector_plugin.obj
[        ]   file_selector_windows_plugin.dir\Debug\messages.g.obj
[        ]   file_selector_windows_plugin.dir\Debug\string_utils.obj
[  +62 ms]      Creating library C:/Users/xboxo/Documents/GitHub/JpStudy-v2/build/windows/x64/plugins/file_selector_windows/Debug/file_selector_windows_plugin.lib and object C:/Users/xboxo/Documents/GitHub/JpStudy-v2/build/windows/x64/plugins/file_selector_windows/Debug/file_selector_windows_plugin.exp
[  +96 ms]   file_selector_windows_plugin.vcxproj -> C:\Users\xboxo\Documents\GitHub\JpStudy-v2\build\windows\x64\plugins\file_selector_windows\Debug\file_selector_windows_plugin.dll
[   +5 ms] FinalizeBuildStatus:
[        ]   Deleting file "file_selector_windows_plugin.dir\Debug\file_sel.CF69AC36.tlog\unsuccessfulbuild".
[        ]   Touching "file_selector_windows_plugin.dir\Debug\file_sel.CF69AC36.tlog\file_selector_windows_plugin.lastbuildstate".
[        ] Done Building Project "C:\Users\xboxo\Documents\GitHub\JpStudy-v2\build\windows\x64\plugins\file_selector_windows\file_selector_windows_plugin.vcxproj" (default targets).
[  +19 ms] Project "C:\Users\xboxo\Documents\GitHub\JpStudy-v2\build\windows\x64\ALL_BUILD.vcxproj" (3) is building "C:\Users\xboxo\Documents\GitHub\JpStudy-v2\build\windows\x64\plugins\flutter_tts\flutter_tts_plugin.vcxproj" (7) on node 1 (default targets).
[        ] PrepareForBuild:
[        ]   Creating directory "flutter_tts_plugin.dir\Debug\".
[   +1 ms]   Structured output is enabled. The formatting of compiler diagnostics will reflect the error hierarchy. See https://aka.ms/cpp/structured-output for more details.
[        ]   Creating directory "C:\Users\xboxo\Documents\GitHub\JpStudy-v2\build\windows\x64\plugins\flutter_tts\Debug\".
[        ]   Creating directory "flutter_tts_plugin.dir\Debug\flutter_.475D509D.tlog\".
[   +1 ms] InitializeBuildStatus:
[        ]   Creating "flutter_tts_plugin.dir\Debug\flutter_.475D509D.tlog\unsuccessfulbuild" because "AlwaysCreate" was specified.
[        ]   Touching "flutter_tts_plugin.dir\Debug\flutter_.475D509D.tlog\unsuccessfulbuild".
[  +20 ms] CustomBuild:
[        ]   Building Custom Rule C:/Users/xboxo/Documents/GitHub/JpStudy-v2/windows/flutter/ephemeral/.plugin_symlinks/flutter_tts/windows/CMakeLists.txt
[  +25 ms] ClCompile:
[        ]   C:\Program Files\Microsoft Visual Studio\18\Community\VC\Tools\MSVC\14.50.35717\bin\HostX64\x64\CL.exe /c /I"C:\Users\xboxo\Documents\GitHub\JpStudy-v2\windows\flutter\ephemeral" /I"C:\Users\xboxo\Documents\GitHub\JpStudy-v2\windows\flutter\ephemeral\cpp_client_wrapper\include" /Zi /nologo /W4 /WX- /diagnostics:column /Od /Ob0 /D _WINDLL /D _UNICODE /D UNICODE /D WIN32 /D _WINDOWS /D _HAS_EXCEPTIONS=0 /D _DEBUG /D FLUTTER_PLUGIN_IMPL /D UNICODE /D _UNICODE /D "CMAKE_INTDIR=\"Debug\"" /D flutter_tts_plugin_EXPORTS /EHsc /RTC1 /MDd /GS /fp:precise /GR /std:c++17 /Fo"flutter_tts_plugin.dir\Debug\\" /Fd"flutter_tts_plugin.dir\Debug\vc145.pdb" /external:W4 /Gd /TP /wd4100 /errorReport:queue "C:\Users\xboxo\Documents\GitHub\JpStudy-v2\windows\flutter\ephemeral\.plugin_symlinks\flutter_tts\windows\flutter_tts_plugin.cpp"
[  +28 ms]   flutter_tts_plugin.cpp
[+1530 ms] Link:
[        ]   C:\Program Files\Microsoft Visual Studio\18\Community\VC\Tools\MSVC\14.50.35717\bin\HostX64\x64\link.exe /OUT:"C:\Users\xboxo\Documents\GitHub\JpStudy-v2\build\windows\x64\plugins\flutter_tts\Debug\flutter_tts_plugin.dll" /INCREMENTAL /ILK:"flutter_tts_plugin.dir\Debug\flutter_tts_plugin.ilk" /NOLOGO ..\..\flutter\Debug\flutter_wrapper_plugin.lib "C:\Users\xboxo\Documents\GitHub\JpStudy-v2\windows\flutter\ephemeral\flutter_windows.dll.lib" kernel32.lib user32.lib gdi32.lib winspool.lib shell32.lib ole32.lib oleaut32.lib uuid.lib comdlg32.lib advapi32.lib /MANIFEST /MANIFESTUAC:"level='asInvoker' uiAccess='false'" /manifest:embed /DEBUG /PDB:"C:/Users/xboxo/Documents/GitHub/JpStudy-v2/build/windows/x64/plugins/flutter_tts/Debug/flutter_tts_plugin.pdb" /TLBID:1 /IMPLIB:"C:/Users/xboxo/Documents/GitHub/JpStudy-v2/build/windows/x64/plugins/flutter_tts/Debug/flutter_tts_plugin.lib" /MACHINE:X64  /machine:x64 /DLL flutter_tts_plugin.dir\Debug\flutter_tts_plugin.obj
[  +61 ms]      Creating library C:/Users/xboxo/Documents/GitHub/JpStudy-v2/build/windows/x64/plugins/flutter_tts/Debug/flutter_tts_plugin.lib and object C:/Users/xboxo/Documents/GitHub/JpStudy-v2/build/windows/x64/plugins/flutter_tts/Debug/flutter_tts_plugin.exp
[ +131 ms]   flutter_tts_plugin.vcxproj -> C:\Users\xboxo\Documents\GitHub\JpStudy-v2\build\windows\x64\plugins\flutter_tts\Debug\flutter_tts_plugin.dll
[   +6 ms] FinalizeBuildStatus:
[        ]   Deleting file "flutter_tts_plugin.dir\Debug\flutter_.475D509D.tlog\unsuccessfulbuild".
[        ]   Touching "flutter_tts_plugin.dir\Debug\flutter_.475D509D.tlog\flutter_tts_plugin.lastbuildstate".
[        ] Done Building Project "C:\Users\xboxo\Documents\GitHub\JpStudy-v2\build\windows\x64\plugins\flutter_tts\flutter_tts_plugin.vcxproj" (default targets).
[  +14 ms] Project "C:\Users\xboxo\Documents\GitHub\JpStudy-v2\build\windows\x64\ALL_BUILD.vcxproj" (3) is building "C:\Users\xboxo\Documents\GitHub\JpStudy-v2\build\windows\x64\flutter\flutter_wrapper_app.vcxproj" (8) on node 1 (default targets).
[        ] PrepareForBuild:
[        ]   Creating directory "flutter_wrapper_app.dir\Debug\".
[   +1 ms]   Structured output is enabled. The formatting of compiler diagnostics will reflect the error hierarchy. See https://aka.ms/cpp/structured-output for more details.
[        ]   Creating directory "flutter_wrapper_app.dir\Debug\flutter_.C8104E3E.tlog\".
[   +1 ms] InitializeBuildStatus:
[        ]   Creating "flutter_wrapper_app.dir\Debug\flutter_.C8104E3E.tlog\unsuccessfulbuild" because "AlwaysCreate" was specified.
[        ]   Touching "flutter_wrapper_app.dir\Debug\flutter_.C8104E3E.tlog\unsuccessfulbuild".
[  +21 ms] CustomBuild:
[        ]   Building Custom Rule C:/Users/xboxo/Documents/GitHub/JpStudy-v2/windows/flutter/CMakeLists.txt
[  +26 ms] ClCompile:
[        ]   C:\Program Files\Microsoft Visual Studio\18\Community\VC\Tools\MSVC\14.50.35717\bin\HostX64\x64\CL.exe /c /I"C:\Users\xboxo\Documents\GitHub\JpStudy-v2\windows\flutter\ephemeral\cpp_client_wrapper\include" /I"C:\Users\xboxo\Documents\GitHub\JpStudy-v2\windows\flutter\ephemeral" /Zi /nologo /W4 /WX- /diagnostics:column /Od /Ob0 /D _UNICODE /D UNICODE /D WIN32 /D _WINDOWS /D _HAS_EXCEPTIONS=0 /D _DEBUG /D UNICODE /D _UNICODE /D "CMAKE_INTDIR=\"Debug\"" /EHsc /RTC1 /MDd /GS /fp:precise /GR /std:c++17 /Fo"flutter_wrapper_app.dir\Debug\\" /Fd"C:\Users\xboxo\Documents\GitHub\JpStudy-v2\build\windows\x64\flutter\Debug\flutter_wrapper_app.pdb" /external:W4 /Gd /TP /wd4100 /errorReport:queue "C:\Users\xboxo\Documents\GitHub\JpStudy-v2\windows\flutter\ephemeral\cpp_client_wrapper\core_implementations.cc" "C:\Users\xboxo\Documents\GitHub\JpStudy-v2\windows\flutter\ephemeral\cpp_client_wrapper\standard_codec.cc" "C:\Users\xboxo\Documents\GitHub\JpStudy-v2\windows\flutter\ephemeral\cpp_client_wrapper\flutter_engine.cc" "C:\Users\xboxo\Documents\GitHub\JpStudy-v2\windows\flutter\ephemeral\cpp_client_wrapper\flutter_view_controller.cc"
[  +27 ms]   core_implementations.cc
[ +676 ms]   standard_codec.cc
[ +705 ms]   flutter_engine.cc
[ +667 ms]   flutter_view_controller.cc
[ +659 ms]   Generating Code...
[ +200 ms] Lib:
[        ]   C:\Program Files\Microsoft Visual Studio\18\Community\VC\Tools\MSVC\14.50.35717\bin\HostX64\x64\Lib.exe /OUT:"C:\Users\xboxo\Documents\GitHub\JpStudy-v2\build\windows\x64\flutter\Debug\flutter_wrapper_app.lib" /NOLOGO /MACHINE:X64  /machine:x64 flutter_wrapper_app.dir\Debug\core_implementations.obj
[        ]   flutter_wrapper_app.dir\Debug\standard_codec.obj
[        ]   flutter_wrapper_app.dir\Debug\flutter_engine.obj
[        ]   flutter_wrapper_app.dir\Debug\flutter_view_controller.obj
[  +95 ms]   flutter_wrapper_app.vcxproj -> C:\Users\xboxo\Documents\GitHub\JpStudy-v2\build\windows\x64\flutter\Debug\flutter_wrapper_app.lib
[   +4 ms] FinalizeBuildStatus:
[        ]   Deleting file "flutter_wrapper_app.dir\Debug\flutter_.C8104E3E.tlog\unsuccessfulbuild".
[        ]   Touching "flutter_wrapper_app.dir\Debug\flutter_.C8104E3E.tlog\flutter_wrapper_app.lastbuildstate".
[        ] Done Building Project "C:\Users\xboxo\Documents\GitHub\JpStudy-v2\build\windows\x64\flutter\flutter_wrapper_app.vcxproj" (default targets).
[  +29 ms] Project "C:\Users\xboxo\Documents\GitHub\JpStudy-v2\build\windows\x64\ALL_BUILD.vcxproj" (3) is building "C:\Users\xboxo\Documents\GitHub\JpStudy-v2\build\windows\x64\runner\jpstudy.vcxproj" (9) on node 1 (default targets).
[        ] Project "C:\Users\xboxo\Documents\GitHub\JpStudy-v2\build\windows\x64\runner\jpstudy.vcxproj" (9) is building "C:\Users\xboxo\Documents\GitHub\JpStudy-v2\build\windows\x64\plugins\just_audio_windows\just_audio_windows_plugin.vcxproj" (10) on node 1 (default targets).
[        ] PrepareForBuild:
[        ]   Creating directory "just_audio_windows_plugin.dir\Debug\".
[        ]   Structured output is enabled. The formatting of compiler diagnostics will reflect the error hierarchy. See https://aka.ms/cpp/structured-output for more details.
[        ]   Creating directory "C:\Users\xboxo\Documents\GitHub\JpStudy-v2\build\windows\x64\plugins\just_audio_windows\Debug\".
[        ]   Creating directory "just_audio_windows_plugin.dir\Debug\just_aud.03A81209.tlog\".
[   +1 ms] InitializeBuildStatus:
[        ]   Creating "just_audio_windows_plugin.dir\Debug\just_aud.03A81209.tlog\unsuccessfulbuild" because "AlwaysCreate" was specified.
[        ]   Touching "just_audio_windows_plugin.dir\Debug\just_aud.03A81209.tlog\unsuccessfulbuild".
[  +21 ms] CustomBuild:
[        ]   Building Custom Rule C:/Users/xboxo/Documents/GitHub/JpStudy-v2/windows/flutter/ephemeral/.plugin_symlinks/just_audio_windows/windows/CMakeLists.txt
[  +25 ms] ClCompile:
[        ]   C:\Program Files\Microsoft Visual Studio\18\Community\VC\Tools\MSVC\14.50.35717\bin\HostX64\x64\CL.exe /c /I"C:\Users\xboxo\Documents\GitHub\JpStudy-v2\windows\flutter\ephemeral" /I"C:\Users\xboxo\Documents\GitHub\JpStudy-v2\windows\flutter\ephemeral\cpp_client_wrapper\include" /Zi /nologo /W4 /WX- /diagnostics:column /Od /Ob0 /D _WINDLL /D _UNICODE /D UNICODE /D WIN32 /D _WINDOWS /D _HAS_EXCEPTIONS=0 /D _DEBUG /D FLUTTER_PLUGIN_IMPL /D UNICODE /D _UNICODE /D "CMAKE_INTDIR=\"Debug\"" /D just_audio_windows_plugin_EXPORTS /EHsc /RTC1 /MDd /GS /fp:precise /GR /std:c++17 /Fo"just_audio_windows_plugin.dir\Debug\\" /Fd"just_audio_windows_plugin.dir\Debug\vc145.pdb" /external:W4 /Gd /TP /wd4100 /errorReport:queue "C:\Users\xboxo\Documents\GitHub\JpStudy-v2\windows\flutter\ephemeral\.plugin_symlinks\just_audio_windows\windows\just_audio_windows_plugin.cpp"
[  +27 ms]   just_audio_windows_plugin.cpp
[+4059 ms] Link:
[        ]   C:\Program Files\Microsoft Visual Studio\18\Community\VC\Tools\MSVC\14.50.35717\bin\HostX64\x64\link.exe /OUT:"C:\Users\xboxo\Documents\GitHub\JpStudy-v2\build\windows\x64\plugins\just_audio_windows\Debug\just_audio_windows_plugin.dll" /INCREMENTAL /ILK:"just_audio_windows_plugin.dir\Debug\just_audio_windows_plugin.ilk" /NOLOGO ..\..\flutter\Debug\flutter_wrapper_plugin.lib "C:\Users\xboxo\Documents\GitHub\JpStudy-v2\windows\flutter\ephemeral\flutter_windows.dll.lib" kernel32.lib user32.lib gdi32.lib winspool.lib shell32.lib ole32.lib oleaut32.lib uuid.lib comdlg32.lib advapi32.lib /MANIFEST /MANIFESTUAC:"level='asInvoker' uiAccess='false'" /manifest:embed /DEBUG /PDB:"C:/Users/xboxo/Documents/GitHub/JpStudy-v2/build/windows/x64/plugins/just_audio_windows/Debug/just_audio_windows_plugin.pdb" /TLBID:1 /IMPLIB:"C:/Users/xboxo/Documents/GitHub/JpStudy-v2/build/windows/x64/plugins/just_audio_windows/Debug/just_audio_windows_plugin.lib" /MACHINE:X64  /machine:x64 /DLL just_audio_windows_plugin.dir\Debug\just_audio_windows_plugin.obj
[  +60 ms]      Creating library C:/Users/xboxo/Documents/GitHub/JpStudy-v2/build/windows/x64/plugins/just_audio_windows/Debug/just_audio_windows_plugin.lib and object C:/Users/xboxo/Documents/GitHub/JpStudy-v2/build/windows/x64/plugins/just_audio_windows/Debug/just_audio_windows_plugin.exp
[  +99 ms]   just_audio_windows_plugin.vcxproj -> C:\Users\xboxo\Documents\GitHub\JpStudy-v2\build\windows\x64\plugins\just_audio_windows\Debug\just_audio_windows_plugin.dll
[   +4 ms] FinalizeBuildStatus:
[        ]   Deleting file "just_audio_windows_plugin.dir\Debug\just_aud.03A81209.tlog\unsuccessfulbuild".
[        ]   Touching "just_audio_windows_plugin.dir\Debug\just_aud.03A81209.tlog\just_audio_windows_plugin.lastbuildstate".
[        ] Done Building Project "C:\Users\xboxo\Documents\GitHub\JpStudy-v2\build\windows\x64\plugins\just_audio_windows\just_audio_windows_plugin.vcxproj" (default targets).
[  +15 ms] Project "C:\Users\xboxo\Documents\GitHub\JpStudy-v2\build\windows\x64\runner\jpstudy.vcxproj" (9) is building "C:\Users\xboxo\Documents\GitHub\JpStudy-v2\build\windows\x64\plugins\share_plus\share_plus_plugin.vcxproj" (11) on node 1 (default targets).
[        ] PrepareForBuild:
[        ]   Creating directory "share_plus_plugin.dir\Debug\".
[   +1 ms]   Structured output is enabled. The formatting of compiler diagnostics will reflect the error hierarchy. See https://aka.ms/cpp/structured-output for more details.
[        ]   Creating directory "C:\Users\xboxo\Documents\GitHub\JpStudy-v2\build\windows\x64\plugins\share_plus\Debug\".
[        ]   Creating directory "share_plus_plugin.dir\Debug\share_pl.147B7978.tlog\".
[   +1 ms] InitializeBuildStatus:
[        ]   Creating "share_plus_plugin.dir\Debug\share_pl.147B7978.tlog\unsuccessfulbuild" because "AlwaysCreate" was specified.
[        ]   Touching "share_plus_plugin.dir\Debug\share_pl.147B7978.tlog\unsuccessfulbuild".
[  +20 ms] CustomBuild:
[        ]   Building Custom Rule C:/Users/xboxo/Documents/GitHub/JpStudy-v2/windows/flutter/ephemeral/.plugin_symlinks/share_plus/windows/CMakeLists.txt
[  +25 ms] ClCompile:
[        ]   C:\Program Files\Microsoft Visual Studio\18\Community\VC\Tools\MSVC\14.50.35717\bin\HostX64\x64\CL.exe /c /I"C:\Users\xboxo\Documents\GitHub\JpStudy-v2\windows\flutter\ephemeral" /I"C:\Users\xboxo\Documents\GitHub\JpStudy-v2\windows\flutter\ephemeral\cpp_client_wrapper\include" /Zi /nologo /W4 /WX- /diagnostics:column /Od /Ob0 /D _WINDLL /D _UNICODE /D UNICODE /D WIN32 /D _WINDOWS /D _HAS_EXCEPTIONS=0 /D _DEBUG /D FLUTTER_PLUGIN_IMPL /D UNICODE /D _UNICODE /D "CMAKE_INTDIR=\"Debug\"" /D share_plus_plugin_EXPORTS /EHsc /RTC1 /MDd /GS /fp:precise /GR /std:c++17 /Fo"share_plus_plugin.dir\Debug\\" /Fd"share_plus_plugin.dir\Debug\vc145.pdb" /external:W4 /Gd /TP /wd4100 /errorReport:queue "C:\Users\xboxo\Documents\GitHub\JpStudy-v2\windows\flutter\ephemeral\.plugin_symlinks\share_plus\windows\share_plus_plugin_c_api.cpp" "C:\Users\xboxo\Documents\GitHub\JpStudy-v2\windows\flutter\ephemeral\.plugin_symlinks\share_plus\windows\share_plus_plugin.cpp"
[  +26 ms]   share_plus_plugin_c_api.cpp
[+1896 ms]   share_plus_plugin.cpp
[+2174 ms]   Generating Code...
[ +403 ms] Link:
[        ]   C:\Program Files\Microsoft Visual Studio\18\Community\VC\Tools\MSVC\14.50.35717\bin\HostX64\x64\link.exe /OUT:"C:\Users\xboxo\Documents\GitHub\JpStudy-v2\build\windows\x64\plugins\share_plus\Debug\share_plus_plugin.dll" /INCREMENTAL /ILK:"share_plus_plugin.dir\Debug\share_plus_plugin.ilk" /NOLOGO ..\..\flutter\Debug\flutter_wrapper_plugin.lib "C:\Users\xboxo\Documents\GitHub\JpStudy-v2\windows\flutter\ephemeral\flutter_windows.dll.lib" kernel32.lib user32.lib gdi32.lib winspool.lib shell32.lib ole32.lib oleaut32.lib uuid.lib comdlg32.lib advapi32.lib /MANIFEST /MANIFESTUAC:"level='asInvoker' uiAccess='false'" /manifest:embed /DEBUG /PDB:"C:/Users/xboxo/Documents/GitHub/JpStudy-v2/build/windows/x64/plugins/share_plus/Debug/share_plus_plugin.pdb" /TLBID:1 /IMPLIB:"C:/Users/xboxo/Documents/GitHub/JpStudy-v2/build/windows/x64/plugins/share_plus/Debug/share_plus_plugin.lib" /MACHINE:X64  /machine:x64 /DLL share_plus_plugin.dir\Debug\share_plus_plugin_c_api.obj
[        ]   share_plus_plugin.dir\Debug\share_plus_plugin.obj
[  +77 ms]      Creating library C:/Users/xboxo/Documents/GitHub/JpStudy-v2/build/windows/x64/plugins/share_plus/Debug/share_plus_plugin.lib and object C:/Users/xboxo/Documents/GitHub/JpStudy-v2/build/windows/x64/plugins/share_plus/Debug/share_plus_plugin.exp
[ +118 ms]   share_plus_plugin.vcxproj -> C:\Users\xboxo\Documents\GitHub\JpStudy-v2\build\windows\x64\plugins\share_plus\Debug\share_plus_plugin.dll
[   +4 ms] FinalizeBuildStatus:
[        ]   Deleting file "share_plus_plugin.dir\Debug\share_pl.147B7978.tlog\unsuccessfulbuild".
[        ]   Touching "share_plus_plugin.dir\Debug\share_pl.147B7978.tlog\share_plus_plugin.lastbuildstate".
[        ] Done Building Project "C:\Users\xboxo\Documents\GitHub\JpStudy-v2\build\windows\x64\plugins\share_plus\share_plus_plugin.vcxproj" (default targets).
[  +29 ms] Project "C:\Users\xboxo\Documents\GitHub\JpStudy-v2\build\windows\x64\runner\jpstudy.vcxproj" (9) is building "C:\Users\xboxo\Documents\GitHub\JpStudy-v2\build\windows\x64\plugins\sqlite3_flutter_libs\sqlite3_flutter_libs_plugin.vcxproj" (12) on node 1 (default targets).
[        ] Project "C:\Users\xboxo\Documents\GitHub\JpStudy-v2\build\windows\x64\plugins\sqlite3_flutter_libs\sqlite3_flutter_libs_plugin.vcxproj" (12) is building "C:\Users\xboxo\Documents\GitHub\JpStudy-v2\build\windows\x64\plugins\sqlite3_flutter_libs\sqlite3.vcxproj" (13) on node 1 (default targets).
[        ] PrepareForBuild:
[        ]   Creating directory "sqlite3.dir\Debug\".
[   +1 ms]   Structured output is enabled. The formatting of compiler diagnostics will reflect the error hierarchy. See https://aka.ms/cpp/structured-output for more details.
[        ]   Creating directory "C:\Users\xboxo\Documents\GitHub\JpStudy-v2\build\windows\x64\plugins\sqlite3_flutter_libs\Debug\".
[        ]   Creating directory "sqlite3.dir\Debug\sqlite3.tlog\".
[   +1 ms] InitializeBuildStatus:
[        ]   Creating "sqlite3.dir\Debug\sqlite3.tlog\unsuccessfulbuild" because "AlwaysCreate" was specified.
[        ]   Touching "sqlite3.dir\Debug\sqlite3.tlog\unsuccessfulbuild".
[  +21 ms] CustomBuild:
[        ]   Building Custom Rule C:/Users/xboxo/Documents/GitHub/JpStudy-v2/windows/flutter/ephemeral/.plugin_symlinks/sqlite3_flutter_libs/windows/CMakeLists.txt
[  +32 ms] ClCompile:
[        ]   C:\Program Files\Microsoft Visual Studio\18\Community\VC\Tools\MSVC\14.50.35717\bin\HostX64\x64\CL.exe /c /I"C:\Users\xboxo\Documents\GitHub\JpStudy-v2\build\windows\x64\_deps\sqlite3-src" /Zi /nologo /W3 /WX- /diagnostics:column /Od /Ob0 /D _WINDLL /D _UNICODE /D UNICODE /D WIN32 /D _WINDOWS /D SQLITE_ENABLE_DBSTAT_VTAB /D SQLITE_ENABLE_FTS5 /D SQLITE_ENABLE_RTREE /D SQLITE_ENABLE_MATH_FUNCTIONS /D SQLITE_DQS=0 /D SQLITE_DEFAULT_MEMSTATUS=0 /D SQLITE_TEMP_STORE=2 /D SQLITE_MAX_EXPR_DEPTH=0 /D SQLITE_STRICT_SUBTYPE=1 /D SQLITE_OMIT_AUTHORIZATION /D SQLITE_OMIT_DECLTYPE /D SQLITE_OMIT_DEPRECATED /D SQLITE_OMIT_PROGRESS_CALLBACK /D SQLITE_OMIT_SHARED_CACHE /D SQLITE_OMIT_TCL_VARIABLE /D SQLITE_OMIT_TRACE /D SQLITE_USE_ALLOCA /D SQLITE_ENABLE_SESSION /D SQLITE_ENABLE_PREUPDATE_HOOK /D SQLITE_UNTESTABLE /D SQLITE_HAVE_ISNAN /D SQLITE_HAVE_LOCALTIME_R /D SQLITE_HAVE_LOCALTIME_S /D UNICODE /D _UNICODE /D "CMAKE_INTDIR=\"Debug\"" /D sqlite3_EXPORTS /RTC1 /MDd /GS /fp:precise /Fo"sqlite3.dir\Debug\\" /Fd"sqlite3.dir\Debug\vc145.pdb" /external:W3 /Gd /TC /errorReport:queue  /w "C:\Users\xboxo\Documents\GitHub\JpStudy-v2\windows\flutter\ephemeral\.plugin_symlinks\sqlite3_flutter_libs\windows\sqlite3_flutter.c"
[  +41 ms] cl : command line  warning D9025: overriding '/W3' with '/w' [C:\Users\xboxo\Documents\GitHub\JpStudy-v2\build\windows\x64\plugins\sqlite3_flutter_libs\sqlite3.vcxproj]
[        ]   sqlite3_flutter.c
[ +746 ms] Link:
[        ]   C:\Program Files\Microsoft Visual Studio\18\Community\VC\Tools\MSVC\14.50.35717\bin\HostX64\x64\link.exe /OUT:"C:\Users\xboxo\Documents\GitHub\JpStudy-v2\build\windows\x64\plugins\sqlite3_flutter_libs\Debug\sqlite3.dll" /INCREMENTAL /ILK:"sqlite3.dir\Debug\sqlite3.ilk" /NOLOGO kernel32.lib user32.lib gdi32.lib winspool.lib shell32.lib ole32.lib oleaut32.lib uuid.lib comdlg32.lib advapi32.lib /MANIFEST /MANIFESTUAC:"level='asInvoker' uiAccess='false'" /manifest:embed /DEBUG /PDB:"C:/Users/xboxo/Documents/GitHub/JpStudy-v2/build/windows/x64/plugins/sqlite3_flutter_libs/Debug/sqlite3.pdb" /TLBID:1 /IMPLIB:"C:/Users/xboxo/Documents/GitHub/JpStudy-v2/build/windows/x64/plugins/sqlite3_flutter_libs/Debug/sqlite3.lib" /MACHINE:X64  /machine:x64 /DLL sqlite3.dir\Debug\sqlite3_flutter.obj
[  +38 ms]      Creating library C:/Users/xboxo/Documents/GitHub/JpStudy-v2/build/windows/x64/plugins/sqlite3_flutter_libs/Debug/sqlite3.lib and object C:/Users/xboxo/Documents/GitHub/JpStudy-v2/build/windows/x64/plugins/sqlite3_flutter_libs/Debug/sqlite3.exp
[  +82 ms]   sqlite3.vcxproj -> C:\Users\xboxo\Documents\GitHub\JpStudy-v2\build\windows\x64\plugins\sqlite3_flutter_libs\Debug\sqlite3.dll
[   +4 ms] FinalizeBuildStatus:
[        ]   Deleting file "sqlite3.dir\Debug\sqlite3.tlog\unsuccessfulbuild".
[        ]   Touching "sqlite3.dir\Debug\sqlite3.tlog\sqlite3.lastbuildstate".
[        ] Done Building Project "C:\Users\xboxo\Documents\GitHub\JpStudy-v2\build\windows\x64\plugins\sqlite3_flutter_libs\sqlite3.vcxproj" (default targets).
[  +10 ms] PrepareForBuild:
[        ]   Creating directory "sqlite3_flutter_libs_plugin.dir\Debug\".
[   +1 ms]   Structured output is enabled. The formatting of compiler diagnostics will reflect the error hierarchy. See https://aka.ms/cpp/structured-output for more details.
[        ]   Creating directory "sqlite3_flutter_libs_plugin.dir\Debug\sqlite3_.4102C727.tlog\".
[   +1 ms] InitializeBuildStatus:
[        ]   Creating "sqlite3_flutter_libs_plugin.dir\Debug\sqlite3_.4102C727.tlog\unsuccessfulbuild" because "AlwaysCreate" was specified.
[        ]   Touching "sqlite3_flutter_libs_plugin.dir\Debug\sqlite3_.4102C727.tlog\unsuccessfulbuild".
[  +22 ms] CustomBuild:
[        ]   Building Custom Rule C:/Users/xboxo/Documents/GitHub/JpStudy-v2/windows/flutter/ephemeral/.plugin_symlinks/sqlite3_flutter_libs/windows/CMakeLists.txt
[  +29 ms] ClCompile:
[        ]   C:\Program Files\Microsoft Visual Studio\18\Community\VC\Tools\MSVC\14.50.35717\bin\HostX64\x64\CL.exe /c /I"C:\Users\xboxo\Documents\GitHub\JpStudy-v2\windows\flutter\ephemeral" /I"C:\Users\xboxo\Documents\GitHub\JpStudy-v2\windows\flutter\ephemeral\cpp_client_wrapper\include" /Zi /nologo /W4 /WX- /diagnostics:column /Od /Ob0 /D _WINDLL /D _UNICODE /D UNICODE /D WIN32 /D _WINDOWS /D _HAS_EXCEPTIONS=0 /D _DEBUG /D FLUTTER_PLUGIN_IMPL /D UNICODE /D _UNICODE /D "CMAKE_INTDIR=\"Debug\"" /D sqlite3_flutter_libs_plugin_EXPORTS /EHsc /RTC1 /MDd /GS /fp:precise /GR /std:c++17 /Fo"sqlite3_flutter_libs_plugin.dir\Debug\\" /Fd"sqlite3_flutter_libs_plugin.dir\Debug\vc145.pdb" /external:W4 /Gd /TP /wd4100 /errorReport:queue "C:\Users\xboxo\Documents\GitHub\JpStudy-v2\windows\flutter\ephemeral\.plugin_symlinks\sqlite3_flutter_libs\windows\sqlite3_flutter_libs_plugin.cpp"
[  +28 ms]   sqlite3_flutter_libs_plugin.cpp
[  +48 ms] Link:
[        ]   C:\Program Files\Microsoft Visual Studio\18\Community\VC\Tools\MSVC\14.50.35717\bin\HostX64\x64\link.exe /OUT:"C:\Users\xboxo\Documents\GitHub\JpStudy-v2\build\windows\x64\plugins\sqlite3_flutter_libs\Debug\sqlite3_flutter_libs_plugin.dll" /INCREMENTAL /ILK:"sqlite3_flutter_libs_plugin.dir\Debug\sqlite3_flutter_libs_plugin.ilk" /NOLOGO ..\..\flutter\Debug\flutter_wrapper_plugin.lib "C:\Users\xboxo\Documents\GitHub\JpStudy-v2\windows\flutter\ephemeral\flutter_windows.dll.lib" kernel32.lib user32.lib gdi32.lib winspool.lib shell32.lib ole32.lib oleaut32.lib uuid.lib comdlg32.lib advapi32.lib /MANIFEST /MANIFESTUAC:"level='asInvoker' uiAccess='false'" /manifest:embed /DEBUG /PDB:"C:/Users/xboxo/Documents/GitHub/JpStudy-v2/build/windows/x64/plugins/sqlite3_flutter_libs/Debug/sqlite3_flutter_libs_plugin.pdb" /TLBID:1 /IMPLIB:"C:/Users/xboxo/Documents/GitHub/JpStudy-v2/build/windows/x64/plugins/sqlite3_flutter_libs/Debug/sqlite3_flutter_libs_plugin.lib" /MACHINE:X64  /machine:x64 /DLL sqlite3_flutter_libs_plugin.dir\Debug\sqlite3_flutter_libs_plugin.obj
[  +34 ms]      Creating library C:/Users/xboxo/Documents/GitHub/JpStudy-v2/build/windows/x64/plugins/sqlite3_flutter_libs/Debug/sqlite3_flutter_libs_plugin.lib and object C:/Users/xboxo/Documents/GitHub/JpStudy-v2/build/windows/x64/plugins/sqlite3_flutter_libs/Debug/sqlite3_flutter_libs_plugin.exp
[  +58 ms]   sqlite3_flutter_libs_plugin.vcxproj -> C:\Users\xboxo\Documents\GitHub\JpStudy-v2\build\windows\x64\plugins\sqlite3_flutter_libs\Debug\sqlite3_flutter_libs_plugin.dll
[   +5 ms] FinalizeBuildStatus:
[        ]   Deleting file "sqlite3_flutter_libs_plugin.dir\Debug\sqlite3_.4102C727.tlog\unsuccessfulbuild".
[        ]   Touching "sqlite3_flutter_libs_plugin.dir\Debug\sqlite3_.4102C727.tlog\sqlite3_flutter_libs_plugin.lastbuildstate".
[        ] Done Building Project "C:\Users\xboxo\Documents\GitHub\JpStudy-v2\build\windows\x64\plugins\sqlite3_flutter_libs\sqlite3_flutter_libs_plugin.vcxproj" (default targets).
[  +16 ms] Project "C:\Users\xboxo\Documents\GitHub\JpStudy-v2\build\windows\x64\runner\jpstudy.vcxproj" (9) is building "C:\Users\xboxo\Documents\GitHub\JpStudy-v2\build\windows\x64\plugins\url_launcher_windows\url_launcher_windows_plugin.vcxproj" (14) on node 1 (default targets).
[        ] PrepareForBuild:
[        ]   Creating directory "url_launcher_windows_plugin.dir\Debug\".
[   +1 ms]   Structured output is enabled. The formatting of compiler diagnostics will reflect the error hierarchy. See https://aka.ms/cpp/structured-output for more details.
[        ]   Creating directory "C:\Users\xboxo\Documents\GitHub\JpStudy-v2\build\windows\x64\plugins\url_launcher_windows\Debug\".
[        ]   Creating directory "url_launcher_windows_plugin.dir\Debug\url_laun.957C369F.tlog\".
[   +1 ms] InitializeBuildStatus:
[        ]   Creating "url_launcher_windows_plugin.dir\Debug\url_laun.957C369F.tlog\unsuccessfulbuild" because "AlwaysCreate" was specified.
[        ]   Touching "url_launcher_windows_plugin.dir\Debug\url_laun.957C369F.tlog\unsuccessfulbuild".
[  +19 ms] CustomBuild:
[        ]   Building Custom Rule C:/Users/xboxo/Documents/GitHub/JpStudy-v2/windows/flutter/ephemeral/.plugin_symlinks/url_launcher_windows/windows/CMakeLists.txt
[  +26 ms] ClCompile:
[        ]   C:\Program Files\Microsoft Visual Studio\18\Community\VC\Tools\MSVC\14.50.35717\bin\HostX64\x64\CL.exe /c /I"C:\Users\xboxo\Documents\GitHub\JpStudy-v2\windows\flutter\ephemeral" /I"C:\Users\xboxo\Documents\GitHub\JpStudy-v2\windows\flutter\ephemeral\cpp_client_wrapper\include" /Zi /nologo /W4 /WX- /diagnostics:column /Od /Ob0 /D _WINDLL /D _UNICODE /D UNICODE /D WIN32 /D _WINDOWS /D _HAS_EXCEPTIONS=0 /D _DEBUG /D FLUTTER_PLUGIN_IMPL /D UNICODE /D _UNICODE /D "CMAKE_INTDIR=\"Debug\"" /D url_launcher_windows_plugin_EXPORTS /EHsc /RTC1 /MDd /GS /fp:precise /GR /std:c++17 /Fo"url_launcher_windows_plugin.dir\Debug\\" /Fd"url_launcher_windows_plugin.dir\Debug\vc145.pdb" /external:W4 /Gd /TP /wd4100 /errorReport:queue "C:\Users\xboxo\Documents\GitHub\JpStudy-v2\windows\flutter\ephemeral\.plugin_symlinks\url_launcher_windows\windows\url_launcher_windows.cpp" "C:\Users\xboxo\Documents\GitHub\JpStudy-v2\windows\flutter\ephemeral\.plugin_symlinks\url_launcher_windows\windows\messages.g.cpp" "C:\Users\xboxo\Documents\GitHub\JpStudy-v2\windows\flutter\ephemeral\.plugin_symlinks\url_launcher_windows\windows\system_apis.cpp" "C:\Users\xboxo\Documents\GitHub\JpStudy-v2\windows\flutter\ephemeral\.plugin_symlinks\url_launcher_windows\windows\url_launcher_plugin.cpp"
[  +28 ms]   url_launcher_windows.cpp
[ +860 ms]   messages.g.cpp
[ +640 ms]   system_apis.cpp
[ +232 ms]   url_launcher_plugin.cpp
[ +898 ms]   Generating Code...
[ +170 ms] Link:
[        ]   C:\Program Files\Microsoft Visual Studio\18\Community\VC\Tools\MSVC\14.50.35717\bin\HostX64\x64\link.exe /OUT:"C:\Users\xboxo\Documents\GitHub\JpStudy-v2\build\windows\x64\plugins\url_launcher_windows\Debug\url_launcher_windows_plugin.dll" /INCREMENTAL /ILK:"url_launcher_windows_plugin.dir\Debug\url_launcher_windows_plugin.ilk" /NOLOGO ..\..\flutter\Debug\flutter_wrapper_plugin.lib shlwapi.lib "C:\Users\xboxo\Documents\GitHub\JpStudy-v2\windows\flutter\ephemeral\flutter_windows.dll.lib" kernel32.lib user32.lib gdi32.lib winspool.lib shell32.lib ole32.lib oleaut32.lib uuid.lib comdlg32.lib advapi32.lib /MANIFEST /MANIFESTUAC:"level='asInvoker' uiAccess='false'" /manifest:embed /DEBUG /PDB:"C:/Users/xboxo/Documents/GitHub/JpStudy-v2/build/windows/x64/plugins/url_launcher_windows/Debug/url_launcher_windows_plugin.pdb" /TLBID:1 /IMPLIB:"C:/Users/xboxo/Documents/GitHub/JpStudy-v2/build/windows/x64/plugins/url_launcher_windows/Debug/url_launcher_windows_plugin.lib" /MACHINE:X64  /machine:x64 /DLL url_launcher_windows_plugin.dir\Debug\url_launcher_windows.obj
[        ]   url_launcher_windows_plugin.dir\Debug\messages.g.obj
[        ]   url_launcher_windows_plugin.dir\Debug\system_apis.obj
[        ]   url_launcher_windows_plugin.dir\Debug\url_launcher_plugin.obj
[  +59 ms]      Creating library C:/Users/xboxo/Documents/GitHub/JpStudy-v2/build/windows/x64/plugins/url_launcher_windows/Debug/url_launcher_windows_plugin.lib and object C:/Users/xboxo/Documents/GitHub/JpStudy-v2/build/windows/x64/plugins/url_launcher_windows/Debug/url_launcher_windows_plugin.exp
[ +134 ms]   url_launcher_windows_plugin.vcxproj -> C:\Users\xboxo\Documents\GitHub\JpStudy-v2\build\windows\x64\plugins\url_launcher_windows\Debug\url_launcher_windows_plugin.dll
[   +4 ms] FinalizeBuildStatus:
[        ]   Deleting file "url_launcher_windows_plugin.dir\Debug\url_laun.957C369F.tlog\unsuccessfulbuild".
[        ]   Touching "url_launcher_windows_plugin.dir\Debug\url_laun.957C369F.tlog\url_launcher_windows_plugin.lastbuildstate".
[        ] Done Building Project "C:\Users\xboxo\Documents\GitHub\JpStudy-v2\build\windows\x64\plugins\url_launcher_windows\url_launcher_windows_plugin.vcxproj" (default targets).
[   +5 ms] PrepareForBuild:
[        ]   Creating directory "jpstudy.dir\Debug\".
[   +1 ms]   Structured output is enabled. The formatting of compiler diagnostics will reflect the error hierarchy. See https://aka.ms/cpp/structured-output for more details.
[        ]   Creating directory "C:\Users\xboxo\Documents\GitHub\JpStudy-v2\build\windows\x64\runner\Debug\".
[        ]   Creating directory "jpstudy.dir\Debug\jpstudy.tlog\".
[   +1 ms] InitializeBuildStatus:
[        ]   Creating "jpstudy.dir\Debug\jpstudy.tlog\unsuccessfulbuild" because "AlwaysCreate" was specified.
[        ]   Touching "jpstudy.dir\Debug\jpstudy.tlog\unsuccessfulbuild".
[  +19 ms] CustomBuild:
[        ]   Building Custom Rule C:/Users/xboxo/Documents/GitHub/JpStudy-v2/windows/runner/CMakeLists.txt
[  +31 ms] ClCompile:
[        ]   C:\Program Files\Microsoft Visual Studio\18\Community\VC\Tools\MSVC\14.50.35717\bin\HostX64\x64\CL.exe /c /I"C:\Users\xboxo\Documents\GitHub\JpStudy-v2\windows" /I"C:\Users\xboxo\Documents\GitHub\JpStudy-v2\windows\flutter\ephemeral" /I"C:\Users\xboxo\Documents\GitHub\JpStudy-v2\windows\flutter\ephemeral\cpp_client_wrapper\include" /I"C:\Users\xboxo\Documents\GitHub\JpStudy-v2\windows\flutter\ephemeral\.plugin_symlinks\file_selector_windows\windows\include" /I"C:\Users\xboxo\Documents\GitHub\JpStudy-v2\windows\flutter\ephemeral\.plugin_symlinks\flutter_tts\windows\include" /I"C:\Users\xboxo\Documents\GitHub\JpStudy-v2\windows\flutter\ephemeral\.plugin_symlinks\just_audio_windows\windows\include" /I"C:\Users\xboxo\Documents\GitHub\JpStudy-v2\windows\flutter\ephemeral\.plugin_symlinks\share_plus\windows\include" /I"C:\Users\xboxo\Documents\GitHub\JpStudy-v2\windows\flutter\ephemeral\.plugin_symlinks\sqlite3_flutter_libs\windows\include" /I"C:\Users\xboxo\Documents\GitHub\JpStudy-v2\windows\flutter\ephemeral\.plugin_symlinks\url_launcher_windows\windows\include" /Zi /nologo /W4 /WX- /diagnostics:column /Od /Ob0 /D _UNICODE /D UNICODE /D WIN32 /D _WINDOWS /D _HAS_EXCEPTIONS=0 /D _DEBUG /D "FLUTTER_VERSION=\"1.0.0+1\"" /D FLUTTER_VERSION_MAJOR=1 /D FLUTTER_VERSION_MINOR=0 /D FLUTTER_VERSION_PATCH=0 /D FLUTTER_VERSION_BUILD=1 /D NOMINMAX /D UNICODE /D _UNICODE /D "CMAKE_INTDIR=\"Debug\"" /EHsc /RTC1 /MDd /GS /fp:precise /GR /std:c++17 /Fo"jpstudy.dir\Debug\\" /Fd"jpstudy.dir\Debug\vc145.pdb" /external:W4 /Gd /TP /wd4100 /errorReport:queue "C:\Users\xboxo\Documents\GitHub\JpStudy-v2\windows\runner\flutter_window.cpp" "C:\Users\xboxo\Documents\GitHub\JpStudy-v2\windows\runner\main.cpp" "C:\Users\xboxo\Documents\GitHub\JpStudy-v2\windows\runner\utils.cpp" "C:\Users\xboxo\Documents\GitHub\JpStudy-v2\windows\runner\win32_window.cpp" "C:\Users\xboxo\Documents\GitHub\JpStudy-v2\windows\flutter\generated_plugin_registrant.cc"
[  +28 ms]   flutter_window.cpp
[ +603 ms]   main.cpp
[ +602 ms]   utils.cpp
[ +683 ms]   win32_window.cpp
[ +521 ms]   generated_plugin_registrant.cc
[ +187 ms]   Generating Code...
[  +99 ms] ResourceCompile:
[        ]   C:\Program Files (x86)\Windows Kits\10\bin\10.0.26100.0\x64\rc.exe /D _UNICODE /D UNICODE /D WIN32 /D _DEBUG /D _WINDOWS /D _HAS_EXCEPTIONS=0 /D "FLUTTER_VERSION=\\\"1.0.0+1\\\"" /D FLUTTER_VERSION_MAJOR=1 /D FLUTTER_VERSION_MINOR=0 /D FLUTTER_VERSION_PATCH=0 /D FLUTTER_VERSION_BUILD=1 /D NOMINMAX /D UNICODE /D _UNICODE /D "CMAKE_INTDIR=\\\"Debug\\\"" /l"0x0409" /I"C:\Users\xboxo\Documents\GitHub\JpStudy-v2\windows" /I"C:\Users\xboxo\Documents\GitHub\JpStudy-v2\windows\flutter\ephemeral" /I"C:\Users\xboxo\Documents\GitHub\JpStudy-v2\windows\flutter\ephemeral\cpp_client_wrapper\include" /I"C:\Users\xboxo\Documents\GitHub\JpStudy-v2\windows\flutter\ephemeral\.plugin_symlinks\file_selector_windows\windows\include" /I"C:\Users\xboxo\Documents\GitHub\JpStudy-v2\windows\flutter\ephemeral\.plugin_symlinks\flutter_tts\windows\include" /I"C:\Users\xboxo\Documents\GitHub\JpStudy-v2\windows\flutter\ephemeral\.plugin_symlinks\just_audio_windows\windows\include" /I"C:\Users\xboxo\Documents\GitHub\JpStudy-v2\windows\flutter\ephemeral\.plugin_symlinks\share_plus\windows\include" /I"C:\Users\xboxo\Documents\GitHub\JpStudy-v2\windows\flutter\ephemeral\.plugin_symlinks\sqlite3_flutter_libs\windows\include" /I"C:\Users\xboxo\Documents\GitHub\JpStudy-v2\windows\flutter\ephemeral\.plugin_symlinks\url_launcher_windows\windows\include" /nologo /fo"jpstudy.dir\Debug\Runner.res" "C:\Users\xboxo\Documents\GitHub\JpStudy-v2\windows\runner\Runner.rc" 
[  +45 ms] Link:
[        ]   C:\Program Files\Microsoft Visual Studio\18\Community\VC\Tools\MSVC\14.50.35717\bin\HostX64\x64\link.exe /OUT:"C:\Users\xboxo\Documents\GitHub\JpStudy-v2\build\windows\x64\runner\Debug\jpstudy.exe" /INCREMENTAL /ILK:"jpstudy.dir\Debug\jpstudy.ilk" /NOLOGO ..\flutter\Debug\flutter_wrapper_app.lib dwmapi.lib ..\plugins\file_selector_windows\Debug\file_selector_windows_plugin.lib ..\plugins\flutter_tts\Debug\flutter_tts_plugin.lib ..\plugins\just_audio_windows\Debug\just_audio_windows_plugin.lib ..\plugins\share_plus\Debug\share_plus_plugin.lib ..\plugins\sqlite3_flutter_libs\Debug\sqlite3_flutter_libs_plugin.lib ..\plugins\url_launcher_windows\Debug\url_launcher_windows_plugin.lib "C:\Users\xboxo\Documents\GitHub\JpStudy-v2\windows\flutter\ephemeral\flutter_windows.dll.lib" kernel32.lib user32.lib gdi32.lib winspool.lib shell32.lib ole32.lib oleaut32.lib uuid.lib comdlg32.lib advapi32.lib /MANIFEST /MANIFESTUAC:"level='asInvoker' uiAccess='false'" /manifest:embed /manifestinput:"C:\Users\xboxo\Documents\GitHub\JpStudy-v2\windows\runner\runner.exe.manifest" /DEBUG /PDB:"C:/Users/xboxo/Documents/GitHub/JpStudy-v2/build/windows/x64/runner/Debug/jpstudy.pdb" /SUBSYSTEM:WINDOWS /TLBID:1 /IMPLIB:"C:/Users/xboxo/Documents/GitHub/JpStudy-v2/build/windows/x64/runner/Debug/jpstudy.lib" /MACHINE:X64  /machine:x64 jpstudy.dir\Debug\Runner.res
[        ]   jpstudy.dir\Debug\flutter_window.obj
[        ]   jpstudy.dir\Debug\main.obj
[        ]   jpstudy.dir\Debug\utils.obj
[        ]   jpstudy.dir\Debug\win32_window.obj
[        ]   jpstudy.dir\Debug\generated_plugin_registrant.obj
[ +158 ms]   jpstudy.vcxproj -> C:\Users\xboxo\Documents\GitHub\JpStudy-v2\build\windows\x64\runner\Debug\jpstudy.exe
[   +5 ms] FinalizeBuildStatus:
[        ]   Deleting file "jpstudy.dir\Debug\jpstudy.tlog\unsuccessfulbuild".
[        ]   Touching "jpstudy.dir\Debug\jpstudy.tlog\jpstudy.lastbuildstate".
[        ] Done Building Project "C:\Users\xboxo\Documents\GitHub\JpStudy-v2\build\windows\x64\runner\jpstudy.vcxproj" (default targets).
[   +3 ms] PrepareForBuild:
[        ]   Creating directory "x64\Debug\ALL_BUILD\".
[   +2 ms]   Structured output is enabled. The formatting of compiler diagnostics will reflect the error hierarchy. See https://aka.ms/cpp/structured-output for more details.
[        ]   Creating directory "x64\Debug\ALL_BUILD\ALL_BUILD.tlog\".
[   +1 ms] InitializeBuildStatus:
[        ]   Creating "x64\Debug\ALL_BUILD\ALL_BUILD.tlog\unsuccessfulbuild" because "AlwaysCreate" was specified.
[        ]   Touching "x64\Debug\ALL_BUILD\ALL_BUILD.tlog\unsuccessfulbuild".
[  +20 ms] CustomBuild:
[        ]   Building Custom Rule C:/Users/xboxo/Documents/GitHub/JpStudy-v2/windows/CMakeLists.txt
[  +30 ms] FinalizeBuildStatus:
[        ]   Deleting file "x64\Debug\ALL_BUILD\ALL_BUILD.tlog\unsuccessfulbuild".
[        ]   Touching "x64\Debug\ALL_BUILD\ALL_BUILD.tlog\ALL_BUILD.lastbuildstate".
[        ] Done Building Project "C:\Users\xboxo\Documents\GitHub\JpStudy-v2\build\windows\x64\ALL_BUILD.vcxproj" (default targets).
[   +2 ms] PrepareForBuild:
[        ]   Creating directory "x64\Debug\INSTALL\".
[   +1 ms]   Structured output is enabled. The formatting of compiler diagnostics will reflect the error hierarchy. See https://aka.ms/cpp/structured-output for more details.
[        ]   Creating directory "x64\Debug\INSTALL\INSTALL.tlog\".
[   +1 ms] InitializeBuildStatus:
[        ]   Creating "x64\Debug\INSTALL\INSTALL.tlog\unsuccessfulbuild" because "AlwaysCreate" was specified.
[        ]   Touching "x64\Debug\INSTALL\INSTALL.tlog\unsuccessfulbuild".
[  +19 ms] CustomBuild:
[        ]   1>
[   +9 ms] PostBuildEvent:
[        ]   setlocal
[        ]   "C:\Program Files\Microsoft Visual Studio\18\Community\Common7\IDE\CommonExtensions\Microsoft\CMake\CMake\bin\cmake.exe" -DBUILD_TYPE=Debug -P cmake_install.cmake
[        ]   if %errorlevel% neq 0 goto :cmEnd
[        ]   :cmEnd
[        ]   endlocal & call :cmErrorLevel %errorlevel% & goto :cmDone
[        ]   :cmErrorLevel
[        ]   exit /b %1
[        ]   :cmDone
[        ]   if %errorlevel% neq 0 goto :VCEnd
[        ]   :VCEnd
[  +30 ms]   -- Install configuration: "Debug"
[   +1 ms]   -- Installing: C:/Users/xboxo/Documents/GitHub/JpStudy-v2/build/windows/x64/bundle/jpstudy.exe
[   +4 ms]   -- Installing: C:/Users/xboxo/Documents/GitHub/JpStudy-v2/build/windows/x64/bundle/data/icudtl.dat
[   +2 ms]   -- Installing: C:/Users/xboxo/Documents/GitHub/JpStudy-v2/build/windows/x64/bundle/flutter_windows.dll
[ +128 ms]   -- Installing: C:/Users/xboxo/Documents/GitHub/JpStudy-v2/build/windows/x64/bundle/file_selector_windows_plugin.dll
[   +3 ms]   -- Installing: C:/Users/xboxo/Documents/GitHub/JpStudy-v2/build/windows/x64/bundle/flutter_tts_plugin.dll
[   +3 ms]   -- Installing: C:/Users/xboxo/Documents/GitHub/JpStudy-v2/build/windows/x64/bundle/just_audio_windows_plugin.dll
[   +3 ms]   -- Installing: C:/Users/xboxo/Documents/GitHub/JpStudy-v2/build/windows/x64/bundle/share_plus_plugin.dll
[   +6 ms]   -- Installing: C:/Users/xboxo/Documents/GitHub/JpStudy-v2/build/windows/x64/bundle/sqlite3_flutter_libs_plugin.dll
[        ]   -- Installing: C:/Users/xboxo/Documents/GitHub/JpStudy-v2/build/windows/x64/bundle/sqlite3.dll
[   +4 ms]   -- Installing: C:/Users/xboxo/Documents/GitHub/JpStudy-v2/build/windows/x64/bundle/url_launcher_windows_plugin.dll
[   +3 ms]   CMake Error at cmake_install.cmake:200 (file):
[        ]     file INSTALL cannot find
[        ]     "C:/Users/xboxo/Documents/GitHub/JpStudy-v2/build/native_assets/windows":
[        ]     File exists.
[   +7 ms] C:\Program 
Files\Microsoft 
Visual Studio\18\Commu
nity\MSBuild\Microsoft
\VC\v180\Microsoft.Cpp
Common.targets(166,5):
 error MSB3073: The 
command "setlocal [C:\
Users\xboxo\Documents\
GitHub\JpStudy-v2\buil
d\windows\x64\INSTALL.
vcxproj]
[        ] C:\Program 
Files\Microsoft 
Visual Studio\18\Commu
nity\MSBuild\Microsoft
\VC\v180\Microsoft.Cpp
Common.targets(166,5):
 error MSB3073: 
"C:\Program 
Files\Microsoft 
Visual Studio\18\Commu
nity\Common7\IDE\Commo
nExtensions\Microsoft\
CMake\CMake\bin\cmake.
exe" 
-DBUILD_TYPE=Debug -P 
cmake_install.cmake [C
:\Users\xboxo\Document
s\GitHub\JpStudy-v2\bu
ild\windows\x64\INSTAL
L.vcxproj]
[        ] C:\Program 
Files\Microsoft 
Visual Studio\18\Commu
nity\MSBuild\Microsoft
\VC\v180\Microsoft.Cpp
Common.targets(166,5):
 error MSB3073: if 
%errorlevel% neq 0 
goto :cmEnd [C:\Users\
xboxo\Documents\GitHub
\JpStudy-v2\build\wind
ows\x64\INSTALL.vcxpro
j]
[        ] C:\Program 
Files\Microsoft 
Visual Studio\18\Commu
nity\MSBuild\Microsoft
\VC\v180\Microsoft.Cpp
Common.targets(166,5):
 error MSB3073: 
:cmEnd [C:\Users\xboxo
\Documents\GitHub\JpSt
udy-v2\build\windows\x
64\INSTALL.vcxproj]
[        ] C:\Program 
Files\Microsoft 
Visual Studio\18\Commu
nity\MSBuild\Microsoft
\VC\v180\Microsoft.Cpp
Common.targets(166,5):
 error MSB3073: 
endlocal & call 
:cmErrorLevel 
%errorlevel% & goto 
:cmDone [C:\Users\xbox
o\Documents\GitHub\JpS
tudy-v2\build\windows\
x64\INSTALL.vcxproj]
[        ] C:\Program 
Files\Microsoft 
Visual Studio\18\Commu
nity\MSBuild\Microsoft
\VC\v180\Microsoft.Cpp
Common.targets(166,5):
 error MSB3073: 
:cmErrorLevel [C:\User
s\xboxo\Documents\GitH
ub\JpStudy-v2\build\wi
ndows\x64\INSTALL.vcxp
roj]
[        ] C:\Program 
Files\Microsoft 
Visual Studio\18\Commu
nity\MSBuild\Microsoft
\VC\v180\Microsoft.Cpp
Common.targets(166,5):
 error MSB3073: exit 
/b %1 [C:\Users\xboxo\
Documents\GitHub\JpStu
dy-v2\build\windows\x6
4\INSTALL.vcxproj]
[        ] C:\Program 
Files\Microsoft 
Visual Studio\18\Commu
nity\MSBuild\Microsoft
\VC\v180\Microsoft.Cpp
Common.targets(166,5):
 error MSB3073: 
:cmDone [C:\Users\xbox
o\Documents\GitHub\JpS
tudy-v2\build\windows\
x64\INSTALL.vcxproj]
[        ] C:\Program 
Files\Microsoft 
Visual Studio\18\Commu
nity\MSBuild\Microsoft
\VC\v180\Microsoft.Cpp
Common.targets(166,5):
 error MSB3073: if 
%errorlevel% neq 0 
goto :VCEnd [C:\Users\
xboxo\Documents\GitHub
\JpStudy-v2\build\wind
ows\x64\INSTALL.vcxpro
j]
[        ] C:\Program 
Files\Microsoft 
Visual Studio\18\Commu
nity\MSBuild\Microsoft
\VC\v180\Microsoft.Cpp
Common.targets(166,5):
 error MSB3073: 
:VCEnd" exited with 
code 1. [C:\Users\xbox
o\Documents\GitHub\JpS
tudy-v2\build\windows\
x64\INSTALL.vcxproj]
[        ] Done Building Project "C:\Users\xboxo\Documents\GitHub\JpStudy-v2\build\windows\x64\INSTALL.vcxproj" (default targets) -- FAILED.
[        ] Build FAILED.
[        ] "C:\Users\xboxo\Documents\GitHub\JpStudy-v2\build\windows\x64\INSTALL.vcxproj" (default target) (1) ->
[        ] "C:\Users\xboxo\Documents\GitHub\JpStudy-v2\build\windows\x64\ALL_BUILD.vcxproj" (default target) (3) ->
[        ] "C:\Users\xboxo\Documents\GitHub\JpStudy-v2\build\windows\x64\runner\jpstudy.vcxproj" (default target) (9) ->
[        ] "C:\Users\xboxo\Documents\GitHub\JpStudy-v2\build\windows\x64\plugins\sqlite3_flutter_libs\sqlite3_flutter_libs_plugin.vcxproj" (default target) (12) ->
[        ] "C:\Users\xboxo\Documents\GitHub\JpStudy-v2\build\windows\x64\plugins\sqlite3_flutter_libs\sqlite3.vcxproj" (default target) (13) ->
[        ] (ClCompile target) -> 
[        ]   cl : command line  warning D9025: overriding '/W3' with '/w' [C:\Users\xboxo\Documents\GitHub\JpStudy-v2\build\windows\x64\plugins\sqlite3_flutter_libs\sqlite3.vcxproj]
[        ] "C:\Users\xboxo\Documents\GitHub\JpStudy-v2\build\windows\x64\INSTALL.vcxproj" (default target) (1) ->
[        ] (PostBuildEvent target) -> 
[        ]   
C:\Program 
Files\Microsoft 
Visual Studio\18\Commu
nity\MSBuild\Microsoft
\VC\v180\Microsoft.Cpp
Common.targets(166,5):
 error MSB3073: The 
command "setlocal [C:\
Users\xboxo\Documents\
GitHub\JpStudy-v2\buil
d\windows\x64\INSTALL.
vcxproj]
[        ] C:\Program 
Files\Microsoft 
Visual Studio\18\Commu
nity\MSBuild\Microsoft
\VC\v180\Microsoft.Cpp
Common.targets(166,5):
 error MSB3073: 
"C:\Program 
Files\Microsoft 
Visual Studio\18\Commu
nity\Common7\IDE\Commo
nExtensions\Microsoft\
CMake\CMake\bin\cmake.
exe" 
-DBUILD_TYPE=Debug -P 
cmake_install.cmake [C
:\Users\xboxo\Document
s\GitHub\JpStudy-v2\bu
ild\windows\x64\INSTAL
L.vcxproj]
[        ] C:\Program 
Files\Microsoft 
Visual Studio\18\Commu
nity\MSBuild\Microsoft
\VC\v180\Microsoft.Cpp
Common.targets(166,5):
 error MSB3073: if 
%errorlevel% neq 0 
goto :cmEnd [C:\Users\
xboxo\Documents\GitHub
\JpStudy-v2\build\wind
ows\x64\INSTALL.vcxpro
j]
[        ] C:\Program 
Files\Microsoft 
Visual Studio\18\Commu
nity\MSBuild\Microsoft
\VC\v180\Microsoft.Cpp
Common.targets(166,5):
 error MSB3073: 
:cmEnd [C:\Users\xboxo
\Documents\GitHub\JpSt
udy-v2\build\windows\x
64\INSTALL.vcxproj]
[        ] C:\Program 
Files\Microsoft 
Visual Studio\18\Commu
nity\MSBuild\Microsoft
\VC\v180\Microsoft.Cpp
Common.targets(166,5):
 error MSB3073: 
endlocal & call 
:cmErrorLevel 
%errorlevel% & goto 
:cmDone [C:\Users\xbox
o\Documents\GitHub\JpS
tudy-v2\build\windows\
x64\INSTALL.vcxproj]
[        ] C:\Program 
Files\Microsoft 
Visual Studio\18\Commu
nity\MSBuild\Microsoft
\VC\v180\Microsoft.Cpp
Common.targets(166,5):
 error MSB3073: 
:cmErrorLevel [C:\User
s\xboxo\Documents\GitH
ub\JpStudy-v2\build\wi
ndows\x64\INSTALL.vcxp
roj]
[        ] C:\Program 
Files\Microsoft 
Visual Studio\18\Commu
nity\MSBuild\Microsoft
\VC\v180\Microsoft.Cpp
Common.targets(166,5):
 error MSB3073: exit 
/b %1 [C:\Users\xboxo\
Documents\GitHub\JpStu
dy-v2\build\windows\x6
4\INSTALL.vcxproj]
[        ] C:\Program 
Files\Microsoft 
Visual Studio\18\Commu
nity\MSBuild\Microsoft
\VC\v180\Microsoft.Cpp
Common.targets(166,5):
 error MSB3073: 
:cmDone [C:\Users\xbox
o\Documents\GitHub\JpS
tudy-v2\build\windows\
x64\INSTALL.vcxproj]
[        ] C:\Program 
Files\Microsoft 
Visual Studio\18\Commu
nity\MSBuild\Microsoft
\VC\v180\Microsoft.Cpp
Common.targets(166,5):
 error MSB3073: if 
%errorlevel% neq 0 
goto :VCEnd [C:\Users\
xboxo\Documents\GitHub
\JpStudy-v2\build\wind
ows\x64\INSTALL.vcxpro
j]
[        ] C:\Program 
Files\Microsoft 
Visual Studio\18\Commu
nity\MSBuild\Microsoft
\VC\v180\Microsoft.Cpp
Common.targets(166,5):
 error MSB3073: 
:VCEnd" exited with 
code 1. [C:\Users\xbox
o\Documents\GitHub\JpS
tudy-v2\build\windows\
x64\INSTALL.vcxproj]
[        ]     1 Warning(s)
[        ]     1 Error(s)
[        ] Time Elapsed 00:00:33.64
[  +14 ms] Building Windows application... (completed in 49.7s)
[        ] Error: 
Build process failed.
[        ] "flutter run" took 50,156ms.
[  +31 ms] 
           #0      
throwToolExit (package
:flutter_tools/src/bas
e/common.dart:34:3)
           #1      
RunCommand.runCommand 
(package:flutter_tools
/src/commands/run.dart
:897:9)
           
<asynchronous 
suspension>
           #2      Flu
tterCommand.run.<anony
mous closure> (package
:flutter_tools/src/run
ner/flutter_command.da
rt:1559:27)
           
<asynchronous 
suspension>
           #3      App
Context.run.<anonymous
 closure> (package:flu
tter_tools/src/base/co
ntext.dart:154:19)
           
<asynchronous 
suspension>
           #4      Com
mandRunner.runCommand 
(package:args/command_
runner.dart:212:13)
           
<asynchronous 
suspension>
           #5      Flu
tterCommandRunner.runC
ommand.<anonymous 
closure> (package:flut
ter_tools/src/runner/f
lutter_command_runner.
dart:487:9)
           
<asynchronous 
suspension>
           #6      App
Context.run.<anonymous
 closure> (package:flu
tter_tools/src/base/co
ntext.dart:154:19)
           
<asynchronous 
suspension>
           #7      Flu
tterCommandRunner.runC
ommand (package:flutte
r_tools/src/runner/flu
tter_command_runner.da
rt:422:5)
           
<asynchronous 
suspension>
           #8      
run.<anonymous 
closure>.<anonymous 
closure> (package:flut
ter_tools/runner.dart:
104:11)
           
<asynchronous 
suspension>
           #9      App
Context.run.<anonymous
 closure> (package:flu
tter_tools/src/base/co
ntext.dart:154:19)
           
<asynchronous 
suspension>
           #10     
main (package:flutter_
tools/executable.dart:
103:3)
           
<asynchronous 
suspension>


[        ] Running 3 shutdown hooks
[   +9 ms] Shutdown hooks complete
[ +154 ms] exiting with code 1
